2016-06-16 11:39:28 [-][-][-][error][yii\db\Exception] exception 'PDOException' with message 'SQLSTATE[28000] [1045] Access denied for user 'root'@'localhost' (using password: NO)' in /var/vhosts/wd2-team-17/vendor/yiisoft/yii2/db/Connection.php:600
Stack trace:
#0 /var/vhosts/wd2-team-17/vendor/yiisoft/yii2/db/Connection.php(600): PDO->__construct('mysql:host=loca...', 'root', '', NULL)
#1 /var/vhosts/wd2-team-17/vendor/yiisoft/yii2/db/Connection.php(542): yii\db\Connection->createPdoInstance()
#2 /var/vhosts/wd2-team-17/vendor/yiisoft/yii2/db/Connection.php(861): yii\db\Connection->open()
#3 /var/vhosts/wd2-team-17/vendor/yiisoft/yii2/db/Connection.php(848): yii\db\Connection->getMasterPdo()
#4 /var/vhosts/wd2-team-17/vendor/yiisoft/yii2/db/Command.php(219): yii\db\Connection->getSlavePdo()
#5 /var/vhosts/wd2-team-17/vendor/yiisoft/yii2/db/Command.php(894): yii\db\Command->prepare(true)
#6 /var/vhosts/wd2-team-17/vendor/yiisoft/yii2/db/Command.php(362): yii\db\Command->queryInternal('fetchAll', NULL)
#7 /var/vhosts/wd2-team-17/vendor/yiisoft/yii2/db/mysql/Schema.php(198): yii\db\Command->queryAll()
#8 /var/vhosts/wd2-team-17/vendor/yiisoft/yii2/db/mysql/Schema.php(97): yii\db\mysql\Schema->findColumns(Object(yii\db\TableSchema))
#9 /var/vhosts/wd2-team-17/vendor/yiisoft/yii2/db/Schema.php(149): yii\db\mysql\Schema->loadTableSchema('migration')
#10 /var/vhosts/wd2-team-17/vendor/yiisoft/yii2/console/controllers/MigrateController.php(178): yii\db\Schema->getTableSchema('{{%migration}}', true)
#11 /var/vhosts/wd2-team-17/vendor/yiisoft/yii2/console/controllers/BaseMigrateController.php(627): yii\console\controllers\MigrateController->getMigrationHistory(NULL)
#12 /var/vhosts/wd2-team-17/vendor/yiisoft/yii2/console/controllers/BaseMigrateController.php(102): yii\console\controllers\BaseMigrateController->getNewMigrations()
#13 [internal function]: yii\console\controllers\BaseMigrateController->actionUp(0)
#14 /var/vhosts/wd2-team-17/vendor/yiisoft/yii2/base/InlineAction.php(55): call_user_func_array(Array, Array)
#15 /var/vhosts/wd2-team-17/vendor/yiisoft/yii2/base/Controller.php(154): yii\base\InlineAction->runWithParams(Array)
#16 /var/vhosts/wd2-team-17/vendor/yiisoft/yii2/console/Controller.php(119): yii\base\Controller->runAction('', Array)
#17 /var/vhosts/wd2-team-17/vendor/yiisoft/yii2/base/Module.php(454): yii\console\Controller->runAction('', Array)
#18 /var/vhosts/wd2-team-17/vendor/yiisoft/yii2/console/Application.php(176): yii\base\Module->runAction('migrate', Array)
#19 /var/vhosts/wd2-team-17/vendor/yiisoft/yii2/console/Application.php(143): yii\console\Application->runAction('migrate', Array)
#20 /var/vhosts/wd2-team-17/vendor/yiisoft/yii2/base/Application.php(375): yii\console\Application->handleRequest(Object(yii\console\Request))
#21 /var/vhosts/wd2-team-17/yii(27): yii\base\Application->run()
#22 {main}

Next exception 'yii\db\Exception' with message 'SQLSTATE[28000] [1045] Access denied for user 'root'@'localhost' (using password: NO)' in /var/vhosts/wd2-team-17/vendor/yiisoft/yii2/db/Connection.php:547
Stack trace:
#0 /var/vhosts/wd2-team-17/vendor/yiisoft/yii2/db/Connection.php(861): yii\db\Connection->open()
#1 /var/vhosts/wd2-team-17/vendor/yiisoft/yii2/db/Connection.php(848): yii\db\Connection->getMasterPdo()
#2 /var/vhosts/wd2-team-17/vendor/yiisoft/yii2/db/Command.php(219): yii\db\Connection->getSlavePdo()
#3 /var/vhosts/wd2-team-17/vendor/yiisoft/yii2/db/Command.php(894): yii\db\Command->prepare(true)
#4 /var/vhosts/wd2-team-17/vendor/yiisoft/yii2/db/Command.php(362): yii\db\Command->queryInternal('fetchAll', NULL)
#5 /var/vhosts/wd2-team-17/vendor/yiisoft/yii2/db/mysql/Schema.php(198): yii\db\Command->queryAll()
#6 /var/vhosts/wd2-team-17/vendor/yiisoft/yii2/db/mysql/Schema.php(97): yii\db\mysql\Schema->findColumns(Object(yii\db\TableSchema))
#7 /var/vhosts/wd2-team-17/vendor/yiisoft/yii2/db/Schema.php(149): yii\db\mysql\Schema->loadTableSchema('migration')
#8 /var/vhosts/wd2-team-17/vendor/yiisoft/yii2/console/controllers/MigrateController.php(178): yii\db\Schema->getTableSchema('{{%migration}}', true)
#9 /var/vhosts/wd2-team-17/vendor/yiisoft/yii2/console/controllers/BaseMigrateController.php(627): yii\console\controllers\MigrateController->getMigrationHistory(NULL)
#10 /var/vhosts/wd2-team-17/vendor/yiisoft/yii2/console/controllers/BaseMigrateController.php(102): yii\console\controllers\BaseMigrateController->getNewMigrations()
#11 [internal function]: yii\console\controllers\BaseMigrateController->actionUp(0)
#12 /var/vhosts/wd2-team-17/vendor/yiisoft/yii2/base/InlineAction.php(55): call_user_func_array(Array, Array)
#13 /var/vhosts/wd2-team-17/vendor/yiisoft/yii2/base/Controller.php(154): yii\base\InlineAction->runWithParams(Array)
#14 /var/vhosts/wd2-team-17/vendor/yiisoft/yii2/console/Controller.php(119): yii\base\Controller->runAction('', Array)
#15 /var/vhosts/wd2-team-17/vendor/yiisoft/yii2/base/Module.php(454): yii\console\Controller->runAction('', Array)
#16 /var/vhosts/wd2-team-17/vendor/yiisoft/yii2/console/Application.php(176): yii\base\Module->runAction('migrate', Array)
#17 /var/vhosts/wd2-team-17/vendor/yiisoft/yii2/console/Application.php(143): yii\console\Application->runAction('migrate', Array)
#18 /var/vhosts/wd2-team-17/vendor/yiisoft/yii2/base/Application.php(375): yii\console\Application->handleRequest(Object(yii\console\Request))
#19 /var/vhosts/wd2-team-17/yii(27): yii\base\Application->run()
#20 {main}
Additional Information:

2016-06-16 11:39:28 [-][-][-][info][application] $_SERVER = [
    'XDG_SESSION_ID' => '7666'
    'COMP_WORDBREAKS' => ' 	
\"\'><;|&(:'
    'TERM' => 'xterm'
    'SHELL' => '/bin/bash'
    'SSH_CLIENT' => '10.10.60.66 27265 22'
    'SSH_TTY' => '/dev/pts/15'
    'USER' => 'wd2-team-17'
    'LS_COLORS' => 'rs=0:di=01;34:ln=01;36:mh=00:pi=40;33:so=01;35:do=01;35:bd=40;33;01:cd=40;33;01:or=40;31;01:su=37;41:sg=30;43:ca=30;41:tw=30;42:ow=34;42:st=37;44:ex=01;32:*.tar=01;31:*.tgz=01;31:*.arj=01;31:*.taz=01;31:*.lzh=01;31:*.lzma=01;31:*.tlz=01;31:*.txz=01;31:*.zip=01;31:*.z=01;31:*.Z=01;31:*.dz=01;31:*.gz=01;31:*.lz=01;31:*.xz=01;31:*.bz2=01;31:*.bz=01;31:*.tbz=01;31:*.tbz2=01;31:*.tz=01;31:*.deb=01;31:*.rpm=01;31:*.jar=01;31:*.war=01;31:*.ear=01;31:*.sar=01;31:*.rar=01;31:*.ace=01;31:*.zoo=01;31:*.cpio=01;31:*.7z=01;31:*.rz=01;31:*.jpg=01;35:*.jpeg=01;35:*.gif=01;35:*.bmp=01;35:*.pbm=01;35:*.pgm=01;35:*.ppm=01;35:*.tga=01;35:*.xbm=01;35:*.xpm=01;35:*.tif=01;35:*.tiff=01;35:*.png=01;35:*.svg=01;35:*.svgz=01;35:*.mng=01;35:*.pcx=01;35:*.mov=01;35:*.mpg=01;35:*.mpeg=01;35:*.m2v=01;35:*.mkv=01;35:*.webm=01;35:*.ogm=01;35:*.mp4=01;35:*.m4v=01;35:*.mp4v=01;35:*.vob=01;35:*.qt=01;35:*.nuv=01;35:*.wmv=01;35:*.asf=01;35:*.rm=01;35:*.rmvb=01;35:*.flc=01;35:*.avi=01;35:*.fli=01;35:*.flv=01;35:*.gl=01;35:*.dl=01;35:*.xcf=01;35:*.xwd=01;35:*.yuv=01;35:*.cgm=01;35:*.emf=01;35:*.axv=01;35:*.anx=01;35:*.ogv=01;35:*.ogx=01;35:*.aac=00;36:*.au=00;36:*.flac=00;36:*.mid=00;36:*.midi=00;36:*.mka=00;36:*.mp3=00;36:*.mpc=00;36:*.ogg=00;36:*.ra=00;36:*.wav=00;36:*.axa=00;36:*.oga=00;36:*.spx=00;36:*.xspf=00;36:'
    'MAIL' => '/var/mail/wd2-team-17'
    'PATH' => '/usr/local/sbin:/usr/local/bin:/usr/sbin:/usr/bin:/sbin:/bin:/usr/games:/usr/local/games:/usr/lib/jvm/java-7-openjdk-amd64:/srv/hbase/bin'
    'PWD' => '/home/webdev2/wd2-team-17/studienarbeit'
    'JAVA_HOME' => '/usr/lib/jvm/java-7-openjdk-amd64'
    'LANG' => 'de_DE.UTF-8'
    'SHLVL' => '1'
    'HOME' => '/home/webdev2/wd2-team-17'
    'LOGNAME' => 'wd2-team-17'
    'SSH_CONNECTION' => '10.10.60.66 27265 192.168.84.13 22'
    'LESSOPEN' => '| /usr/bin/lesspipe %s'
    'XDG_RUNTIME_DIR' => '/run/user/1258'
    'LESSCLOSE' => '/usr/bin/lesspipe %s %s'
    '_' => './yii'
    'OLDPWD' => '/home/webdev2/wd2-team-17/studienarbeit/frontend'
    'PHP_SELF' => './yii'
    'SCRIPT_NAME' => './yii'
    'SCRIPT_FILENAME' => './yii'
    'PATH_TRANSLATED' => './yii'
    'DOCUMENT_ROOT' => ''
    'REQUEST_TIME_FLOAT' => 1466077168.1177
    'REQUEST_TIME' => 1466077168
    'argv' => [
        0 => './yii'
        1 => 'migrate'
    ]
    'argc' => 2
]
2016-06-16 11:39:49 [-][-][-][error][yii\db\Exception] exception 'PDOException' with message 'SQLSTATE[28000] [1045] Access denied for user 'root'@'localhost' (using password: NO)' in /var/vhosts/wd2-team-17/vendor/yiisoft/yii2/db/Connection.php:600
Stack trace:
#0 /var/vhosts/wd2-team-17/vendor/yiisoft/yii2/db/Connection.php(600): PDO->__construct('mysql:host=loca...', 'root', '', NULL)
#1 /var/vhosts/wd2-team-17/vendor/yiisoft/yii2/db/Connection.php(542): yii\db\Connection->createPdoInstance()
#2 /var/vhosts/wd2-team-17/vendor/yiisoft/yii2/db/Connection.php(861): yii\db\Connection->open()
#3 /var/vhosts/wd2-team-17/vendor/yiisoft/yii2/db/Connection.php(848): yii\db\Connection->getMasterPdo()
#4 /var/vhosts/wd2-team-17/vendor/yiisoft/yii2/db/Command.php(219): yii\db\Connection->getSlavePdo()
#5 /var/vhosts/wd2-team-17/vendor/yiisoft/yii2/db/Command.php(894): yii\db\Command->prepare(true)
#6 /var/vhosts/wd2-team-17/vendor/yiisoft/yii2/db/Command.php(362): yii\db\Command->queryInternal('fetchAll', NULL)
#7 /var/vhosts/wd2-team-17/vendor/yiisoft/yii2/db/mysql/Schema.php(198): yii\db\Command->queryAll()
#8 /var/vhosts/wd2-team-17/vendor/yiisoft/yii2/db/mysql/Schema.php(97): yii\db\mysql\Schema->findColumns(Object(yii\db\TableSchema))
#9 /var/vhosts/wd2-team-17/vendor/yiisoft/yii2/db/Schema.php(149): yii\db\mysql\Schema->loadTableSchema('migration')
#10 /var/vhosts/wd2-team-17/vendor/yiisoft/yii2/console/controllers/MigrateController.php(178): yii\db\Schema->getTableSchema('{{%migration}}', true)
#11 /var/vhosts/wd2-team-17/vendor/yiisoft/yii2/console/controllers/BaseMigrateController.php(627): yii\console\controllers\MigrateController->getMigrationHistory(NULL)
#12 /var/vhosts/wd2-team-17/vendor/yiisoft/yii2/console/controllers/BaseMigrateController.php(102): yii\console\controllers\BaseMigrateController->getNewMigrations()
#13 [internal function]: yii\console\controllers\BaseMigrateController->actionUp(0)
#14 /var/vhosts/wd2-team-17/vendor/yiisoft/yii2/base/InlineAction.php(55): call_user_func_array(Array, Array)
#15 /var/vhosts/wd2-team-17/vendor/yiisoft/yii2/base/Controller.php(154): yii\base\InlineAction->runWithParams(Array)
#16 /var/vhosts/wd2-team-17/vendor/yiisoft/yii2/console/Controller.php(119): yii\base\Controller->runAction('', Array)
#17 /var/vhosts/wd2-team-17/vendor/yiisoft/yii2/base/Module.php(454): yii\console\Controller->runAction('', Array)
#18 /var/vhosts/wd2-team-17/vendor/yiisoft/yii2/console/Application.php(176): yii\base\Module->runAction('migrate', Array)
#19 /var/vhosts/wd2-team-17/vendor/yiisoft/yii2/console/Application.php(143): yii\console\Application->runAction('migrate', Array)
#20 /var/vhosts/wd2-team-17/vendor/yiisoft/yii2/base/Application.php(375): yii\console\Application->handleRequest(Object(yii\console\Request))
#21 /var/vhosts/wd2-team-17/yii(27): yii\base\Application->run()
#22 {main}

Next exception 'yii\db\Exception' with message 'SQLSTATE[28000] [1045] Access denied for user 'root'@'localhost' (using password: NO)' in /var/vhosts/wd2-team-17/vendor/yiisoft/yii2/db/Connection.php:547
Stack trace:
#0 /var/vhosts/wd2-team-17/vendor/yiisoft/yii2/db/Connection.php(861): yii\db\Connection->open()
#1 /var/vhosts/wd2-team-17/vendor/yiisoft/yii2/db/Connection.php(848): yii\db\Connection->getMasterPdo()
#2 /var/vhosts/wd2-team-17/vendor/yiisoft/yii2/db/Command.php(219): yii\db\Connection->getSlavePdo()
#3 /var/vhosts/wd2-team-17/vendor/yiisoft/yii2/db/Command.php(894): yii\db\Command->prepare(true)
#4 /var/vhosts/wd2-team-17/vendor/yiisoft/yii2/db/Command.php(362): yii\db\Command->queryInternal('fetchAll', NULL)
#5 /var/vhosts/wd2-team-17/vendor/yiisoft/yii2/db/mysql/Schema.php(198): yii\db\Command->queryAll()
#6 /var/vhosts/wd2-team-17/vendor/yiisoft/yii2/db/mysql/Schema.php(97): yii\db\mysql\Schema->findColumns(Object(yii\db\TableSchema))
#7 /var/vhosts/wd2-team-17/vendor/yiisoft/yii2/db/Schema.php(149): yii\db\mysql\Schema->loadTableSchema('migration')
#8 /var/vhosts/wd2-team-17/vendor/yiisoft/yii2/console/controllers/MigrateController.php(178): yii\db\Schema->getTableSchema('{{%migration}}', true)
#9 /var/vhosts/wd2-team-17/vendor/yiisoft/yii2/console/controllers/BaseMigrateController.php(627): yii\console\controllers\MigrateController->getMigrationHistory(NULL)
#10 /var/vhosts/wd2-team-17/vendor/yiisoft/yii2/console/controllers/BaseMigrateController.php(102): yii\console\controllers\BaseMigrateController->getNewMigrations()
#11 [internal function]: yii\console\controllers\BaseMigrateController->actionUp(0)
#12 /var/vhosts/wd2-team-17/vendor/yiisoft/yii2/base/InlineAction.php(55): call_user_func_array(Array, Array)
#13 /var/vhosts/wd2-team-17/vendor/yiisoft/yii2/base/Controller.php(154): yii\base\InlineAction->runWithParams(Array)
#14 /var/vhosts/wd2-team-17/vendor/yiisoft/yii2/console/Controller.php(119): yii\base\Controller->runAction('', Array)
#15 /var/vhosts/wd2-team-17/vendor/yiisoft/yii2/base/Module.php(454): yii\console\Controller->runAction('', Array)
#16 /var/vhosts/wd2-team-17/vendor/yiisoft/yii2/console/Application.php(176): yii\base\Module->runAction('migrate', Array)
#17 /var/vhosts/wd2-team-17/vendor/yiisoft/yii2/console/Application.php(143): yii\console\Application->runAction('migrate', Array)
#18 /var/vhosts/wd2-team-17/vendor/yiisoft/yii2/base/Application.php(375): yii\console\Application->handleRequest(Object(yii\console\Request))
#19 /var/vhosts/wd2-team-17/yii(27): yii\base\Application->run()
#20 {main}
Additional Information:

2016-06-16 11:39:49 [-][-][-][info][application] $_SERVER = [
    'XDG_SESSION_ID' => '7666'
    'COMP_WORDBREAKS' => ' 	
\"\'><;|&(:'
    'TERM' => 'xterm'
    'SHELL' => '/bin/bash'
    'SSH_CLIENT' => '10.10.60.66 27265 22'
    'SSH_TTY' => '/dev/pts/15'
    'USER' => 'wd2-team-17'
    'LS_COLORS' => 'rs=0:di=01;34:ln=01;36:mh=00:pi=40;33:so=01;35:do=01;35:bd=40;33;01:cd=40;33;01:or=40;31;01:su=37;41:sg=30;43:ca=30;41:tw=30;42:ow=34;42:st=37;44:ex=01;32:*.tar=01;31:*.tgz=01;31:*.arj=01;31:*.taz=01;31:*.lzh=01;31:*.lzma=01;31:*.tlz=01;31:*.txz=01;31:*.zip=01;31:*.z=01;31:*.Z=01;31:*.dz=01;31:*.gz=01;31:*.lz=01;31:*.xz=01;31:*.bz2=01;31:*.bz=01;31:*.tbz=01;31:*.tbz2=01;31:*.tz=01;31:*.deb=01;31:*.rpm=01;31:*.jar=01;31:*.war=01;31:*.ear=01;31:*.sar=01;31:*.rar=01;31:*.ace=01;31:*.zoo=01;31:*.cpio=01;31:*.7z=01;31:*.rz=01;31:*.jpg=01;35:*.jpeg=01;35:*.gif=01;35:*.bmp=01;35:*.pbm=01;35:*.pgm=01;35:*.ppm=01;35:*.tga=01;35:*.xbm=01;35:*.xpm=01;35:*.tif=01;35:*.tiff=01;35:*.png=01;35:*.svg=01;35:*.svgz=01;35:*.mng=01;35:*.pcx=01;35:*.mov=01;35:*.mpg=01;35:*.mpeg=01;35:*.m2v=01;35:*.mkv=01;35:*.webm=01;35:*.ogm=01;35:*.mp4=01;35:*.m4v=01;35:*.mp4v=01;35:*.vob=01;35:*.qt=01;35:*.nuv=01;35:*.wmv=01;35:*.asf=01;35:*.rm=01;35:*.rmvb=01;35:*.flc=01;35:*.avi=01;35:*.fli=01;35:*.flv=01;35:*.gl=01;35:*.dl=01;35:*.xcf=01;35:*.xwd=01;35:*.yuv=01;35:*.cgm=01;35:*.emf=01;35:*.axv=01;35:*.anx=01;35:*.ogv=01;35:*.ogx=01;35:*.aac=00;36:*.au=00;36:*.flac=00;36:*.mid=00;36:*.midi=00;36:*.mka=00;36:*.mp3=00;36:*.mpc=00;36:*.ogg=00;36:*.ra=00;36:*.wav=00;36:*.axa=00;36:*.oga=00;36:*.spx=00;36:*.xspf=00;36:'
    'MAIL' => '/var/mail/wd2-team-17'
    'PATH' => '/usr/local/sbin:/usr/local/bin:/usr/sbin:/usr/bin:/sbin:/bin:/usr/games:/usr/local/games:/usr/lib/jvm/java-7-openjdk-amd64:/srv/hbase/bin'
    'PWD' => '/home/webdev2/wd2-team-17/studienarbeit'
    'JAVA_HOME' => '/usr/lib/jvm/java-7-openjdk-amd64'
    'LANG' => 'de_DE.UTF-8'
    'SHLVL' => '1'
    'HOME' => '/home/webdev2/wd2-team-17'
    'LOGNAME' => 'wd2-team-17'
    'SSH_CONNECTION' => '10.10.60.66 27265 192.168.84.13 22'
    'LESSOPEN' => '| /usr/bin/lesspipe %s'
    'XDG_RUNTIME_DIR' => '/run/user/1258'
    'LESSCLOSE' => '/usr/bin/lesspipe %s %s'
    '_' => './yii'
    'OLDPWD' => '/home/webdev2/wd2-team-17/studienarbeit/frontend'
    'PHP_SELF' => './yii'
    'SCRIPT_NAME' => './yii'
    'SCRIPT_FILENAME' => './yii'
    'PATH_TRANSLATED' => './yii'
    'DOCUMENT_ROOT' => ''
    'REQUEST_TIME_FLOAT' => 1466077189.4178
    'REQUEST_TIME' => 1466077189
    'argv' => [
        0 => './yii'
        1 => 'migrate'
    ]
    'argc' => 2
]
2016-06-16 11:40:12 [-][-][-][error][yii\db\Exception] exception 'PDOException' with message 'SQLSTATE[28000] [1045] Access denied for user 'root'@'localhost' (using password: NO)' in /var/vhosts/wd2-team-17/vendor/yiisoft/yii2/db/Connection.php:600
Stack trace:
#0 /var/vhosts/wd2-team-17/vendor/yiisoft/yii2/db/Connection.php(600): PDO->__construct('mysql:host=loca...', 'root', '', NULL)
#1 /var/vhosts/wd2-team-17/vendor/yiisoft/yii2/db/Connection.php(542): yii\db\Connection->createPdoInstance()
#2 /var/vhosts/wd2-team-17/vendor/yiisoft/yii2/db/Connection.php(861): yii\db\Connection->open()
#3 /var/vhosts/wd2-team-17/vendor/yiisoft/yii2/db/Connection.php(848): yii\db\Connection->getMasterPdo()
#4 /var/vhosts/wd2-team-17/vendor/yiisoft/yii2/db/Command.php(219): yii\db\Connection->getSlavePdo()
#5 /var/vhosts/wd2-team-17/vendor/yiisoft/yii2/db/Command.php(894): yii\db\Command->prepare(true)
#6 /var/vhosts/wd2-team-17/vendor/yiisoft/yii2/db/Command.php(362): yii\db\Command->queryInternal('fetchAll', NULL)
#7 /var/vhosts/wd2-team-17/vendor/yiisoft/yii2/db/mysql/Schema.php(198): yii\db\Command->queryAll()
#8 /var/vhosts/wd2-team-17/vendor/yiisoft/yii2/db/mysql/Schema.php(97): yii\db\mysql\Schema->findColumns(Object(yii\db\TableSchema))
#9 /var/vhosts/wd2-team-17/vendor/yiisoft/yii2/db/Schema.php(149): yii\db\mysql\Schema->loadTableSchema('migration')
#10 /var/vhosts/wd2-team-17/vendor/yiisoft/yii2/console/controllers/MigrateController.php(178): yii\db\Schema->getTableSchema('{{%migration}}', true)
#11 /var/vhosts/wd2-team-17/vendor/yiisoft/yii2/console/controllers/BaseMigrateController.php(627): yii\console\controllers\MigrateController->getMigrationHistory(NULL)
#12 /var/vhosts/wd2-team-17/vendor/yiisoft/yii2/console/controllers/BaseMigrateController.php(102): yii\console\controllers\BaseMigrateController->getNewMigrations()
#13 [internal function]: yii\console\controllers\BaseMigrateController->actionUp(0)
#14 /var/vhosts/wd2-team-17/vendor/yiisoft/yii2/base/InlineAction.php(55): call_user_func_array(Array, Array)
#15 /var/vhosts/wd2-team-17/vendor/yiisoft/yii2/base/Controller.php(154): yii\base\InlineAction->runWithParams(Array)
#16 /var/vhosts/wd2-team-17/vendor/yiisoft/yii2/console/Controller.php(119): yii\base\Controller->runAction('', Array)
#17 /var/vhosts/wd2-team-17/vendor/yiisoft/yii2/base/Module.php(454): yii\console\Controller->runAction('', Array)
#18 /var/vhosts/wd2-team-17/vendor/yiisoft/yii2/console/Application.php(176): yii\base\Module->runAction('migrate', Array)
#19 /var/vhosts/wd2-team-17/vendor/yiisoft/yii2/console/Application.php(143): yii\console\Application->runAction('migrate', Array)
#20 /var/vhosts/wd2-team-17/vendor/yiisoft/yii2/base/Application.php(375): yii\console\Application->handleRequest(Object(yii\console\Request))
#21 /var/vhosts/wd2-team-17/yii(27): yii\base\Application->run()
#22 {main}

Next exception 'yii\db\Exception' with message 'SQLSTATE[28000] [1045] Access denied for user 'root'@'localhost' (using password: NO)' in /var/vhosts/wd2-team-17/vendor/yiisoft/yii2/db/Connection.php:547
Stack trace:
#0 /var/vhosts/wd2-team-17/vendor/yiisoft/yii2/db/Connection.php(861): yii\db\Connection->open()
#1 /var/vhosts/wd2-team-17/vendor/yiisoft/yii2/db/Connection.php(848): yii\db\Connection->getMasterPdo()
#2 /var/vhosts/wd2-team-17/vendor/yiisoft/yii2/db/Command.php(219): yii\db\Connection->getSlavePdo()
#3 /var/vhosts/wd2-team-17/vendor/yiisoft/yii2/db/Command.php(894): yii\db\Command->prepare(true)
#4 /var/vhosts/wd2-team-17/vendor/yiisoft/yii2/db/Command.php(362): yii\db\Command->queryInternal('fetchAll', NULL)
#5 /var/vhosts/wd2-team-17/vendor/yiisoft/yii2/db/mysql/Schema.php(198): yii\db\Command->queryAll()
#6 /var/vhosts/wd2-team-17/vendor/yiisoft/yii2/db/mysql/Schema.php(97): yii\db\mysql\Schema->findColumns(Object(yii\db\TableSchema))
#7 /var/vhosts/wd2-team-17/vendor/yiisoft/yii2/db/Schema.php(149): yii\db\mysql\Schema->loadTableSchema('migration')
#8 /var/vhosts/wd2-team-17/vendor/yiisoft/yii2/console/controllers/MigrateController.php(178): yii\db\Schema->getTableSchema('{{%migration}}', true)
#9 /var/vhosts/wd2-team-17/vendor/yiisoft/yii2/console/controllers/BaseMigrateController.php(627): yii\console\controllers\MigrateController->getMigrationHistory(NULL)
#10 /var/vhosts/wd2-team-17/vendor/yiisoft/yii2/console/controllers/BaseMigrateController.php(102): yii\console\controllers\BaseMigrateController->getNewMigrations()
#11 [internal function]: yii\console\controllers\BaseMigrateController->actionUp(0)
#12 /var/vhosts/wd2-team-17/vendor/yiisoft/yii2/base/InlineAction.php(55): call_user_func_array(Array, Array)
#13 /var/vhosts/wd2-team-17/vendor/yiisoft/yii2/base/Controller.php(154): yii\base\InlineAction->runWithParams(Array)
#14 /var/vhosts/wd2-team-17/vendor/yiisoft/yii2/console/Controller.php(119): yii\base\Controller->runAction('', Array)
#15 /var/vhosts/wd2-team-17/vendor/yiisoft/yii2/base/Module.php(454): yii\console\Controller->runAction('', Array)
#16 /var/vhosts/wd2-team-17/vendor/yiisoft/yii2/console/Application.php(176): yii\base\Module->runAction('migrate', Array)
#17 /var/vhosts/wd2-team-17/vendor/yiisoft/yii2/console/Application.php(143): yii\console\Application->runAction('migrate', Array)
#18 /var/vhosts/wd2-team-17/vendor/yiisoft/yii2/base/Application.php(375): yii\console\Application->handleRequest(Object(yii\console\Request))
#19 /var/vhosts/wd2-team-17/yii(27): yii\base\Application->run()
#20 {main}
Additional Information:

2016-06-16 11:40:12 [-][-][-][info][application] $_SERVER = [
    'XDG_SESSION_ID' => '7666'
    'COMP_WORDBREAKS' => ' 	
\"\'><;|&(:'
    'TERM' => 'xterm'
    'SHELL' => '/bin/bash'
    'SSH_CLIENT' => '10.10.60.66 27265 22'
    'SSH_TTY' => '/dev/pts/15'
    'USER' => 'wd2-team-17'
    'LS_COLORS' => 'rs=0:di=01;34:ln=01;36:mh=00:pi=40;33:so=01;35:do=01;35:bd=40;33;01:cd=40;33;01:or=40;31;01:su=37;41:sg=30;43:ca=30;41:tw=30;42:ow=34;42:st=37;44:ex=01;32:*.tar=01;31:*.tgz=01;31:*.arj=01;31:*.taz=01;31:*.lzh=01;31:*.lzma=01;31:*.tlz=01;31:*.txz=01;31:*.zip=01;31:*.z=01;31:*.Z=01;31:*.dz=01;31:*.gz=01;31:*.lz=01;31:*.xz=01;31:*.bz2=01;31:*.bz=01;31:*.tbz=01;31:*.tbz2=01;31:*.tz=01;31:*.deb=01;31:*.rpm=01;31:*.jar=01;31:*.war=01;31:*.ear=01;31:*.sar=01;31:*.rar=01;31:*.ace=01;31:*.zoo=01;31:*.cpio=01;31:*.7z=01;31:*.rz=01;31:*.jpg=01;35:*.jpeg=01;35:*.gif=01;35:*.bmp=01;35:*.pbm=01;35:*.pgm=01;35:*.ppm=01;35:*.tga=01;35:*.xbm=01;35:*.xpm=01;35:*.tif=01;35:*.tiff=01;35:*.png=01;35:*.svg=01;35:*.svgz=01;35:*.mng=01;35:*.pcx=01;35:*.mov=01;35:*.mpg=01;35:*.mpeg=01;35:*.m2v=01;35:*.mkv=01;35:*.webm=01;35:*.ogm=01;35:*.mp4=01;35:*.m4v=01;35:*.mp4v=01;35:*.vob=01;35:*.qt=01;35:*.nuv=01;35:*.wmv=01;35:*.asf=01;35:*.rm=01;35:*.rmvb=01;35:*.flc=01;35:*.avi=01;35:*.fli=01;35:*.flv=01;35:*.gl=01;35:*.dl=01;35:*.xcf=01;35:*.xwd=01;35:*.yuv=01;35:*.cgm=01;35:*.emf=01;35:*.axv=01;35:*.anx=01;35:*.ogv=01;35:*.ogx=01;35:*.aac=00;36:*.au=00;36:*.flac=00;36:*.mid=00;36:*.midi=00;36:*.mka=00;36:*.mp3=00;36:*.mpc=00;36:*.ogg=00;36:*.ra=00;36:*.wav=00;36:*.axa=00;36:*.oga=00;36:*.spx=00;36:*.xspf=00;36:'
    'MAIL' => '/var/mail/wd2-team-17'
    'PATH' => '/usr/local/sbin:/usr/local/bin:/usr/sbin:/usr/bin:/sbin:/bin:/usr/games:/usr/local/games:/usr/lib/jvm/java-7-openjdk-amd64:/srv/hbase/bin'
    'PWD' => '/home/webdev2/wd2-team-17/studienarbeit'
    'JAVA_HOME' => '/usr/lib/jvm/java-7-openjdk-amd64'
    'LANG' => 'de_DE.UTF-8'
    'SHLVL' => '1'
    'HOME' => '/home/webdev2/wd2-team-17'
    'LOGNAME' => 'wd2-team-17'
    'SSH_CONNECTION' => '10.10.60.66 27265 192.168.84.13 22'
    'LESSOPEN' => '| /usr/bin/lesspipe %s'
    'XDG_RUNTIME_DIR' => '/run/user/1258'
    'LESSCLOSE' => '/usr/bin/lesspipe %s %s'
    '_' => './yii'
    'OLDPWD' => '/home/webdev2/wd2-team-17/studienarbeit/frontend'
    'PHP_SELF' => './yii'
    'SCRIPT_NAME' => './yii'
    'SCRIPT_FILENAME' => './yii'
    'PATH_TRANSLATED' => './yii'
    'DOCUMENT_ROOT' => ''
    'REQUEST_TIME_FLOAT' => 1466077212.5305
    'REQUEST_TIME' => 1466077212
    'argv' => [
        0 => './yii'
        1 => 'migrate'
    ]
    'argc' => 2
]
2016-06-22 10:39:48 [-][-][-][error][yii\base\ErrorException:1] exception 'yii\base\ErrorException' with message 'Class 'm160620_140213_init_phone_table' not found' in /var/vhosts/wd2-team-17/vendor/yiisoft/yii2/console/controllers/MigrateController.php:170
Stack trace:
#0 [internal function]: yii\base\ErrorHandler->handleFatalError()
#1 {main}
2016-06-22 10:39:41 [-][-][-][info][application] $_SERVER = [
    'XDG_SESSION_ID' => '9538'
    'COMP_WORDBREAKS' => ' 	
\"\'><;|&(:'
    'TERM' => 'xterm'
    'SHELL' => '/bin/bash'
    'SSH_CLIENT' => '10.30.40.225 37252 22'
    'SSH_TTY' => '/dev/pts/1'
    'USER' => 'wd2-team-17'
    'LS_COLORS' => 'rs=0:di=01;34:ln=01;36:mh=00:pi=40;33:so=01;35:do=01;35:bd=40;33;01:cd=40;33;01:or=40;31;01:su=37;41:sg=30;43:ca=30;41:tw=30;42:ow=34;42:st=37;44:ex=01;32:*.tar=01;31:*.tgz=01;31:*.arj=01;31:*.taz=01;31:*.lzh=01;31:*.lzma=01;31:*.tlz=01;31:*.txz=01;31:*.zip=01;31:*.z=01;31:*.Z=01;31:*.dz=01;31:*.gz=01;31:*.lz=01;31:*.xz=01;31:*.bz2=01;31:*.bz=01;31:*.tbz=01;31:*.tbz2=01;31:*.tz=01;31:*.deb=01;31:*.rpm=01;31:*.jar=01;31:*.war=01;31:*.ear=01;31:*.sar=01;31:*.rar=01;31:*.ace=01;31:*.zoo=01;31:*.cpio=01;31:*.7z=01;31:*.rz=01;31:*.jpg=01;35:*.jpeg=01;35:*.gif=01;35:*.bmp=01;35:*.pbm=01;35:*.pgm=01;35:*.ppm=01;35:*.tga=01;35:*.xbm=01;35:*.xpm=01;35:*.tif=01;35:*.tiff=01;35:*.png=01;35:*.svg=01;35:*.svgz=01;35:*.mng=01;35:*.pcx=01;35:*.mov=01;35:*.mpg=01;35:*.mpeg=01;35:*.m2v=01;35:*.mkv=01;35:*.webm=01;35:*.ogm=01;35:*.mp4=01;35:*.m4v=01;35:*.mp4v=01;35:*.vob=01;35:*.qt=01;35:*.nuv=01;35:*.wmv=01;35:*.asf=01;35:*.rm=01;35:*.rmvb=01;35:*.flc=01;35:*.avi=01;35:*.fli=01;35:*.flv=01;35:*.gl=01;35:*.dl=01;35:*.xcf=01;35:*.xwd=01;35:*.yuv=01;35:*.cgm=01;35:*.emf=01;35:*.axv=01;35:*.anx=01;35:*.ogv=01;35:*.ogx=01;35:*.aac=00;36:*.au=00;36:*.flac=00;36:*.mid=00;36:*.midi=00;36:*.mka=00;36:*.mp3=00;36:*.mpc=00;36:*.ogg=00;36:*.ra=00;36:*.wav=00;36:*.axa=00;36:*.oga=00;36:*.spx=00;36:*.xspf=00;36:'
    'MAIL' => '/var/mail/wd2-team-17'
    'PATH' => '/usr/local/sbin:/usr/local/bin:/usr/sbin:/usr/bin:/sbin:/bin:/usr/games:/usr/local/games:/usr/lib/jvm/java-7-openjdk-amd64:/srv/hbase/bin'
    'PWD' => '/home/webdev2/wd2-team-17/studienarbeit'
    'JAVA_HOME' => '/usr/lib/jvm/java-7-openjdk-amd64'
    'LANG' => 'de_DE.UTF-8'
    'SHLVL' => '1'
    'HOME' => '/home/webdev2/wd2-team-17'
    'LOGNAME' => 'wd2-team-17'
    'SSH_CONNECTION' => '10.30.40.225 37252 192.168.84.13 22'
    'LESSOPEN' => '| /usr/bin/lesspipe %s'
    'XDG_RUNTIME_DIR' => '/run/user/1258'
    'LESSCLOSE' => '/usr/bin/lesspipe %s %s'
    'OLDPWD' => '/home/webdev2/wd2-team-17'
    '_' => './yii'
    'PHP_SELF' => './yii'
    'SCRIPT_NAME' => './yii'
    'SCRIPT_FILENAME' => './yii'
    'PATH_TRANSLATED' => './yii'
    'DOCUMENT_ROOT' => ''
    'REQUEST_TIME_FLOAT' => 1466591981.5992
    'REQUEST_TIME' => 1466591981
    'argv' => [
        0 => './yii'
        1 => 'migrate/up'
    ]
    'argc' => 2
]
2016-06-22 10:45:19 [-][-][-][error][yii\base\ErrorException:1] exception 'yii\base\ErrorException' with message 'Class 'm160620_140213_init_phone_table' not found' in /var/vhosts/wd2-team-17/vendor/yiisoft/yii2/console/controllers/MigrateController.php:170
Stack trace:
#0 [internal function]: yii\base\ErrorHandler->handleFatalError()
#1 {main}
2016-06-22 10:45:13 [-][-][-][info][application] $_SERVER = [
    'XDG_SESSION_ID' => '9538'
    'COMP_WORDBREAKS' => ' 	
\"\'><;|&(:'
    'TERM' => 'xterm'
    'SHELL' => '/bin/bash'
    'SSH_CLIENT' => '10.30.40.225 37252 22'
    'SSH_TTY' => '/dev/pts/1'
    'USER' => 'wd2-team-17'
    'LS_COLORS' => 'rs=0:di=01;34:ln=01;36:mh=00:pi=40;33:so=01;35:do=01;35:bd=40;33;01:cd=40;33;01:or=40;31;01:su=37;41:sg=30;43:ca=30;41:tw=30;42:ow=34;42:st=37;44:ex=01;32:*.tar=01;31:*.tgz=01;31:*.arj=01;31:*.taz=01;31:*.lzh=01;31:*.lzma=01;31:*.tlz=01;31:*.txz=01;31:*.zip=01;31:*.z=01;31:*.Z=01;31:*.dz=01;31:*.gz=01;31:*.lz=01;31:*.xz=01;31:*.bz2=01;31:*.bz=01;31:*.tbz=01;31:*.tbz2=01;31:*.tz=01;31:*.deb=01;31:*.rpm=01;31:*.jar=01;31:*.war=01;31:*.ear=01;31:*.sar=01;31:*.rar=01;31:*.ace=01;31:*.zoo=01;31:*.cpio=01;31:*.7z=01;31:*.rz=01;31:*.jpg=01;35:*.jpeg=01;35:*.gif=01;35:*.bmp=01;35:*.pbm=01;35:*.pgm=01;35:*.ppm=01;35:*.tga=01;35:*.xbm=01;35:*.xpm=01;35:*.tif=01;35:*.tiff=01;35:*.png=01;35:*.svg=01;35:*.svgz=01;35:*.mng=01;35:*.pcx=01;35:*.mov=01;35:*.mpg=01;35:*.mpeg=01;35:*.m2v=01;35:*.mkv=01;35:*.webm=01;35:*.ogm=01;35:*.mp4=01;35:*.m4v=01;35:*.mp4v=01;35:*.vob=01;35:*.qt=01;35:*.nuv=01;35:*.wmv=01;35:*.asf=01;35:*.rm=01;35:*.rmvb=01;35:*.flc=01;35:*.avi=01;35:*.fli=01;35:*.flv=01;35:*.gl=01;35:*.dl=01;35:*.xcf=01;35:*.xwd=01;35:*.yuv=01;35:*.cgm=01;35:*.emf=01;35:*.axv=01;35:*.anx=01;35:*.ogv=01;35:*.ogx=01;35:*.aac=00;36:*.au=00;36:*.flac=00;36:*.mid=00;36:*.midi=00;36:*.mka=00;36:*.mp3=00;36:*.mpc=00;36:*.ogg=00;36:*.ra=00;36:*.wav=00;36:*.axa=00;36:*.oga=00;36:*.spx=00;36:*.xspf=00;36:'
    'MAIL' => '/var/mail/wd2-team-17'
    'PATH' => '/usr/local/sbin:/usr/local/bin:/usr/sbin:/usr/bin:/sbin:/bin:/usr/games:/usr/local/games:/usr/lib/jvm/java-7-openjdk-amd64:/srv/hbase/bin'
    'PWD' => '/home/webdev2/wd2-team-17/studienarbeit'
    'JAVA_HOME' => '/usr/lib/jvm/java-7-openjdk-amd64'
    'LANG' => 'de_DE.UTF-8'
    'SHLVL' => '1'
    'HOME' => '/home/webdev2/wd2-team-17'
    'LOGNAME' => 'wd2-team-17'
    'SSH_CONNECTION' => '10.30.40.225 37252 192.168.84.13 22'
    'LESSOPEN' => '| /usr/bin/lesspipe %s'
    'XDG_RUNTIME_DIR' => '/run/user/1258'
    'LESSCLOSE' => '/usr/bin/lesspipe %s %s'
    'OLDPWD' => '/home/webdev2/wd2-team-17/studienarbeit/console/migrations'
    '_' => './yii'
    'PHP_SELF' => './yii'
    'SCRIPT_NAME' => './yii'
    'SCRIPT_FILENAME' => './yii'
    'PATH_TRANSLATED' => './yii'
    'DOCUMENT_ROOT' => ''
    'REQUEST_TIME_FLOAT' => 1466592313.977
    'REQUEST_TIME' => 1466592313
    'argv' => [
        0 => './yii'
        1 => 'migrate/up'
    ]
    'argc' => 2
]
2016-06-22 10:47:27 [-][-][-][error][yii\base\ErrorException:1] exception 'yii\base\ErrorException' with message 'Class 'm160622_104026_init_customer_table' not found' in /var/vhosts/wd2-team-17/vendor/yiisoft/yii2/console/controllers/MigrateController.php:170
Stack trace:
#0 [internal function]: yii\base\ErrorHandler->handleFatalError()
#1 {main}
2016-06-22 10:47:26 [-][-][-][info][application] $_SERVER = [
    'XDG_SESSION_ID' => '9538'
    'COMP_WORDBREAKS' => ' 	
\"\'><;|&(:'
    'TERM' => 'xterm'
    'SHELL' => '/bin/bash'
    'SSH_CLIENT' => '10.30.40.225 37252 22'
    'SSH_TTY' => '/dev/pts/1'
    'USER' => 'wd2-team-17'
    'LS_COLORS' => 'rs=0:di=01;34:ln=01;36:mh=00:pi=40;33:so=01;35:do=01;35:bd=40;33;01:cd=40;33;01:or=40;31;01:su=37;41:sg=30;43:ca=30;41:tw=30;42:ow=34;42:st=37;44:ex=01;32:*.tar=01;31:*.tgz=01;31:*.arj=01;31:*.taz=01;31:*.lzh=01;31:*.lzma=01;31:*.tlz=01;31:*.txz=01;31:*.zip=01;31:*.z=01;31:*.Z=01;31:*.dz=01;31:*.gz=01;31:*.lz=01;31:*.xz=01;31:*.bz2=01;31:*.bz=01;31:*.tbz=01;31:*.tbz2=01;31:*.tz=01;31:*.deb=01;31:*.rpm=01;31:*.jar=01;31:*.war=01;31:*.ear=01;31:*.sar=01;31:*.rar=01;31:*.ace=01;31:*.zoo=01;31:*.cpio=01;31:*.7z=01;31:*.rz=01;31:*.jpg=01;35:*.jpeg=01;35:*.gif=01;35:*.bmp=01;35:*.pbm=01;35:*.pgm=01;35:*.ppm=01;35:*.tga=01;35:*.xbm=01;35:*.xpm=01;35:*.tif=01;35:*.tiff=01;35:*.png=01;35:*.svg=01;35:*.svgz=01;35:*.mng=01;35:*.pcx=01;35:*.mov=01;35:*.mpg=01;35:*.mpeg=01;35:*.m2v=01;35:*.mkv=01;35:*.webm=01;35:*.ogm=01;35:*.mp4=01;35:*.m4v=01;35:*.mp4v=01;35:*.vob=01;35:*.qt=01;35:*.nuv=01;35:*.wmv=01;35:*.asf=01;35:*.rm=01;35:*.rmvb=01;35:*.flc=01;35:*.avi=01;35:*.fli=01;35:*.flv=01;35:*.gl=01;35:*.dl=01;35:*.xcf=01;35:*.xwd=01;35:*.yuv=01;35:*.cgm=01;35:*.emf=01;35:*.axv=01;35:*.anx=01;35:*.ogv=01;35:*.ogx=01;35:*.aac=00;36:*.au=00;36:*.flac=00;36:*.mid=00;36:*.midi=00;36:*.mka=00;36:*.mp3=00;36:*.mpc=00;36:*.ogg=00;36:*.ra=00;36:*.wav=00;36:*.axa=00;36:*.oga=00;36:*.spx=00;36:*.xspf=00;36:'
    'MAIL' => '/var/mail/wd2-team-17'
    'PATH' => '/usr/local/sbin:/usr/local/bin:/usr/sbin:/usr/bin:/sbin:/bin:/usr/games:/usr/local/games:/usr/lib/jvm/java-7-openjdk-amd64:/srv/hbase/bin'
    'PWD' => '/home/webdev2/wd2-team-17/studienarbeit'
    'JAVA_HOME' => '/usr/lib/jvm/java-7-openjdk-amd64'
    'LANG' => 'de_DE.UTF-8'
    'SHLVL' => '1'
    'HOME' => '/home/webdev2/wd2-team-17'
    'LOGNAME' => 'wd2-team-17'
    'SSH_CONNECTION' => '10.30.40.225 37252 192.168.84.13 22'
    'LESSOPEN' => '| /usr/bin/lesspipe %s'
    'XDG_RUNTIME_DIR' => '/run/user/1258'
    'LESSCLOSE' => '/usr/bin/lesspipe %s %s'
    'OLDPWD' => '/home/webdev2/wd2-team-17/studienarbeit/console/migrations'
    '_' => './yii'
    'PHP_SELF' => './yii'
    'SCRIPT_NAME' => './yii'
    'SCRIPT_FILENAME' => './yii'
    'PATH_TRANSLATED' => './yii'
    'DOCUMENT_ROOT' => ''
    'REQUEST_TIME_FLOAT' => 1466592446.1853
    'REQUEST_TIME' => 1466592446
    'argv' => [
        0 => './yii'
        1 => 'migrate'
        2 => 'up'
    ]
    'argc' => 3
]
2016-06-22 10:54:29 [-][-][-][error][yii\base\ErrorException:1] exception 'yii\base\ErrorException' with message 'Class 'm160622_104026_init_customer_table' not found' in /var/vhosts/wd2-team-17/vendor/yiisoft/yii2/console/controllers/MigrateController.php:170
Stack trace:
#0 [internal function]: yii\base\ErrorHandler->handleFatalError()
#1 {main}
2016-06-22 10:54:26 [-][-][-][info][application] $_SERVER = [
    'XDG_SESSION_ID' => '9538'
    'COMP_WORDBREAKS' => ' 	
\"\'><;|&(:'
    'TERM' => 'xterm'
    'SHELL' => '/bin/bash'
    'SSH_CLIENT' => '10.30.40.225 37252 22'
    'SSH_TTY' => '/dev/pts/1'
    'USER' => 'wd2-team-17'
    'LS_COLORS' => 'rs=0:di=01;34:ln=01;36:mh=00:pi=40;33:so=01;35:do=01;35:bd=40;33;01:cd=40;33;01:or=40;31;01:su=37;41:sg=30;43:ca=30;41:tw=30;42:ow=34;42:st=37;44:ex=01;32:*.tar=01;31:*.tgz=01;31:*.arj=01;31:*.taz=01;31:*.lzh=01;31:*.lzma=01;31:*.tlz=01;31:*.txz=01;31:*.zip=01;31:*.z=01;31:*.Z=01;31:*.dz=01;31:*.gz=01;31:*.lz=01;31:*.xz=01;31:*.bz2=01;31:*.bz=01;31:*.tbz=01;31:*.tbz2=01;31:*.tz=01;31:*.deb=01;31:*.rpm=01;31:*.jar=01;31:*.war=01;31:*.ear=01;31:*.sar=01;31:*.rar=01;31:*.ace=01;31:*.zoo=01;31:*.cpio=01;31:*.7z=01;31:*.rz=01;31:*.jpg=01;35:*.jpeg=01;35:*.gif=01;35:*.bmp=01;35:*.pbm=01;35:*.pgm=01;35:*.ppm=01;35:*.tga=01;35:*.xbm=01;35:*.xpm=01;35:*.tif=01;35:*.tiff=01;35:*.png=01;35:*.svg=01;35:*.svgz=01;35:*.mng=01;35:*.pcx=01;35:*.mov=01;35:*.mpg=01;35:*.mpeg=01;35:*.m2v=01;35:*.mkv=01;35:*.webm=01;35:*.ogm=01;35:*.mp4=01;35:*.m4v=01;35:*.mp4v=01;35:*.vob=01;35:*.qt=01;35:*.nuv=01;35:*.wmv=01;35:*.asf=01;35:*.rm=01;35:*.rmvb=01;35:*.flc=01;35:*.avi=01;35:*.fli=01;35:*.flv=01;35:*.gl=01;35:*.dl=01;35:*.xcf=01;35:*.xwd=01;35:*.yuv=01;35:*.cgm=01;35:*.emf=01;35:*.axv=01;35:*.anx=01;35:*.ogv=01;35:*.ogx=01;35:*.aac=00;36:*.au=00;36:*.flac=00;36:*.mid=00;36:*.midi=00;36:*.mka=00;36:*.mp3=00;36:*.mpc=00;36:*.ogg=00;36:*.ra=00;36:*.wav=00;36:*.axa=00;36:*.oga=00;36:*.spx=00;36:*.xspf=00;36:'
    'MAIL' => '/var/mail/wd2-team-17'
    'PATH' => '/usr/local/sbin:/usr/local/bin:/usr/sbin:/usr/bin:/sbin:/bin:/usr/games:/usr/local/games:/usr/lib/jvm/java-7-openjdk-amd64:/srv/hbase/bin'
    'PWD' => '/home/webdev2/wd2-team-17/studienarbeit'
    'JAVA_HOME' => '/usr/lib/jvm/java-7-openjdk-amd64'
    'LANG' => 'de_DE.UTF-8'
    'SHLVL' => '1'
    'HOME' => '/home/webdev2/wd2-team-17'
    'LOGNAME' => 'wd2-team-17'
    'SSH_CONNECTION' => '10.30.40.225 37252 192.168.84.13 22'
    'LESSOPEN' => '| /usr/bin/lesspipe %s'
    'XDG_RUNTIME_DIR' => '/run/user/1258'
    'LESSCLOSE' => '/usr/bin/lesspipe %s %s'
    'OLDPWD' => '/home/webdev2/wd2-team-17/studienarbeit/console/migrations'
    '_' => './yii'
    'PHP_SELF' => './yii'
    'SCRIPT_NAME' => './yii'
    'SCRIPT_FILENAME' => './yii'
    'PATH_TRANSLATED' => './yii'
    'DOCUMENT_ROOT' => ''
    'REQUEST_TIME_FLOAT' => 1466592866.7613
    'REQUEST_TIME' => 1466592866
    'argv' => [
        0 => './yii'
        1 => 'migrate'
        2 => 'up'
    ]
    'argc' => 3
]
2016-07-02 20:37:19 [-][-][-][error][yii\base\ErrorException:4] exception 'yii\base\ErrorException' with message 'syntax error, unexpected '->' (T_OBJECT_OPERATOR), expecting ']'' in /var/vhosts/wd2-team-17/console/migrations/m160630_115547_init_statistic_table.php:12
Stack trace:
#0 [internal function]: yii\base\ErrorHandler->handleFatalError()
#1 {main}
2016-07-02 20:36:31 [-][-][-][info][application] $_SERVER = [
    'XDG_SESSION_ID' => '12783'
    'COMP_WORDBREAKS' => ' 	
\"\'><;|&(:'
    'TERM' => 'xterm-color'
    'SHELL' => '/bin/bash'
    'SSH_CLIENT' => '93.213.243.117 49279 22'
    'SSH_TTY' => '/dev/pts/3'
    'USER' => 'wd2-team-17'
    'LS_COLORS' => 'rs=0:di=01;34:ln=01;36:mh=00:pi=40;33:so=01;35:do=01;35:bd=40;33;01:cd=40;33;01:or=40;31;01:su=37;41:sg=30;43:ca=30;41:tw=30;42:ow=34;42:st=37;44:ex=01;32:*.tar=01;31:*.tgz=01;31:*.arj=01;31:*.taz=01;31:*.lzh=01;31:*.lzma=01;31:*.tlz=01;31:*.txz=01;31:*.zip=01;31:*.z=01;31:*.Z=01;31:*.dz=01;31:*.gz=01;31:*.lz=01;31:*.xz=01;31:*.bz2=01;31:*.bz=01;31:*.tbz=01;31:*.tbz2=01;31:*.tz=01;31:*.deb=01;31:*.rpm=01;31:*.jar=01;31:*.war=01;31:*.ear=01;31:*.sar=01;31:*.rar=01;31:*.ace=01;31:*.zoo=01;31:*.cpio=01;31:*.7z=01;31:*.rz=01;31:*.jpg=01;35:*.jpeg=01;35:*.gif=01;35:*.bmp=01;35:*.pbm=01;35:*.pgm=01;35:*.ppm=01;35:*.tga=01;35:*.xbm=01;35:*.xpm=01;35:*.tif=01;35:*.tiff=01;35:*.png=01;35:*.svg=01;35:*.svgz=01;35:*.mng=01;35:*.pcx=01;35:*.mov=01;35:*.mpg=01;35:*.mpeg=01;35:*.m2v=01;35:*.mkv=01;35:*.webm=01;35:*.ogm=01;35:*.mp4=01;35:*.m4v=01;35:*.mp4v=01;35:*.vob=01;35:*.qt=01;35:*.nuv=01;35:*.wmv=01;35:*.asf=01;35:*.rm=01;35:*.rmvb=01;35:*.flc=01;35:*.avi=01;35:*.fli=01;35:*.flv=01;35:*.gl=01;35:*.dl=01;35:*.xcf=01;35:*.xwd=01;35:*.yuv=01;35:*.cgm=01;35:*.emf=01;35:*.axv=01;35:*.anx=01;35:*.ogv=01;35:*.ogx=01;35:*.aac=00;36:*.au=00;36:*.flac=00;36:*.mid=00;36:*.midi=00;36:*.mka=00;36:*.mp3=00;36:*.mpc=00;36:*.ogg=00;36:*.ra=00;36:*.wav=00;36:*.axa=00;36:*.oga=00;36:*.spx=00;36:*.xspf=00;36:'
    'MAIL' => '/var/mail/wd2-team-17'
    'PATH' => '/usr/local/sbin:/usr/local/bin:/usr/sbin:/usr/bin:/sbin:/bin:/usr/games:/usr/local/games:/usr/lib/jvm/java-7-openjdk-amd64:/srv/hbase/bin'
    'PWD' => '/home/webdev2/wd2-team-17/studienarbeit'
    'JAVA_HOME' => '/usr/lib/jvm/java-7-openjdk-amd64'
    'LANG' => 'de_DE.UTF-8'
    'SHLVL' => '1'
    'HOME' => '/home/webdev2/wd2-team-17'
    'LOGNAME' => 'wd2-team-17'
    'SSH_CONNECTION' => '93.213.243.117 49279 192.168.84.13 22'
    'LESSOPEN' => '| /usr/bin/lesspipe %s'
    'XDG_RUNTIME_DIR' => '/run/user/1258'
    'LESSCLOSE' => '/usr/bin/lesspipe %s %s'
    '_' => './yii'
    'OLDPWD' => '/home/webdev2/wd2-team-17'
    'PHP_SELF' => './yii'
    'SCRIPT_NAME' => './yii'
    'SCRIPT_FILENAME' => './yii'
    'PATH_TRANSLATED' => './yii'
    'DOCUMENT_ROOT' => ''
    'REQUEST_TIME_FLOAT' => 1467491791.5291
    'REQUEST_TIME' => 1467491791
    'argv' => [
        0 => './yii'
        1 => 'migrate'
    ]
    'argc' => 2
]
2016-07-02 20:39:29 [-][-][-][error][yii\base\ErrorException:4] exception 'yii\base\ErrorException' with message 'syntax error, unexpected '->' (T_OBJECT_OPERATOR), expecting ']'' in /var/vhosts/wd2-team-17/console/migrations/m160630_115547_init_statistic_table.php:12
Stack trace:
#0 [internal function]: yii\base\ErrorHandler->handleFatalError()
#1 {main}
2016-07-02 20:39:21 [-][-][-][info][application] $_SERVER = [
    'XDG_SESSION_ID' => '12784'
    'COMP_WORDBREAKS' => ' 	
\"\'><;|&(:'
    'TERM' => 'xterm-color'
    'SHELL' => '/bin/bash'
    'SSH_CLIENT' => '93.213.243.117 49286 22'
    'SSH_TTY' => '/dev/pts/3'
    'USER' => 'wd2-team-17'
    'LS_COLORS' => 'rs=0:di=01;34:ln=01;36:mh=00:pi=40;33:so=01;35:do=01;35:bd=40;33;01:cd=40;33;01:or=40;31;01:su=37;41:sg=30;43:ca=30;41:tw=30;42:ow=34;42:st=37;44:ex=01;32:*.tar=01;31:*.tgz=01;31:*.arj=01;31:*.taz=01;31:*.lzh=01;31:*.lzma=01;31:*.tlz=01;31:*.txz=01;31:*.zip=01;31:*.z=01;31:*.Z=01;31:*.dz=01;31:*.gz=01;31:*.lz=01;31:*.xz=01;31:*.bz2=01;31:*.bz=01;31:*.tbz=01;31:*.tbz2=01;31:*.tz=01;31:*.deb=01;31:*.rpm=01;31:*.jar=01;31:*.war=01;31:*.ear=01;31:*.sar=01;31:*.rar=01;31:*.ace=01;31:*.zoo=01;31:*.cpio=01;31:*.7z=01;31:*.rz=01;31:*.jpg=01;35:*.jpeg=01;35:*.gif=01;35:*.bmp=01;35:*.pbm=01;35:*.pgm=01;35:*.ppm=01;35:*.tga=01;35:*.xbm=01;35:*.xpm=01;35:*.tif=01;35:*.tiff=01;35:*.png=01;35:*.svg=01;35:*.svgz=01;35:*.mng=01;35:*.pcx=01;35:*.mov=01;35:*.mpg=01;35:*.mpeg=01;35:*.m2v=01;35:*.mkv=01;35:*.webm=01;35:*.ogm=01;35:*.mp4=01;35:*.m4v=01;35:*.mp4v=01;35:*.vob=01;35:*.qt=01;35:*.nuv=01;35:*.wmv=01;35:*.asf=01;35:*.rm=01;35:*.rmvb=01;35:*.flc=01;35:*.avi=01;35:*.fli=01;35:*.flv=01;35:*.gl=01;35:*.dl=01;35:*.xcf=01;35:*.xwd=01;35:*.yuv=01;35:*.cgm=01;35:*.emf=01;35:*.axv=01;35:*.anx=01;35:*.ogv=01;35:*.ogx=01;35:*.aac=00;36:*.au=00;36:*.flac=00;36:*.mid=00;36:*.midi=00;36:*.mka=00;36:*.mp3=00;36:*.mpc=00;36:*.ogg=00;36:*.ra=00;36:*.wav=00;36:*.axa=00;36:*.oga=00;36:*.spx=00;36:*.xspf=00;36:'
    'MAIL' => '/var/mail/wd2-team-17'
    'PATH' => '/usr/local/sbin:/usr/local/bin:/usr/sbin:/usr/bin:/sbin:/bin:/usr/games:/usr/local/games:/usr/lib/jvm/java-7-openjdk-amd64:/srv/hbase/bin'
    'PWD' => '/home/webdev2/wd2-team-17/studienarbeit'
    'JAVA_HOME' => '/usr/lib/jvm/java-7-openjdk-amd64'
    'LANG' => 'de_DE.UTF-8'
    'SHLVL' => '1'
    'HOME' => '/home/webdev2/wd2-team-17'
    'LOGNAME' => 'wd2-team-17'
    'SSH_CONNECTION' => '93.213.243.117 49286 192.168.84.13 22'
    'LESSOPEN' => '| /usr/bin/lesspipe %s'
    'XDG_RUNTIME_DIR' => '/run/user/1258'
    'LESSCLOSE' => '/usr/bin/lesspipe %s %s'
    '_' => './yii'
    'OLDPWD' => '/home/webdev2/wd2-team-17'
    'PHP_SELF' => './yii'
    'SCRIPT_NAME' => './yii'
    'SCRIPT_FILENAME' => './yii'
    'PATH_TRANSLATED' => './yii'
    'DOCUMENT_ROOT' => ''
    'REQUEST_TIME_FLOAT' => 1467491961.5756
    'REQUEST_TIME' => 1467491961
    'argv' => [
        0 => './yii'
        1 => 'migrate'
    ]
    'argc' => 2
]
2016-07-02 20:43:08 [-][-][-][error][yii\base\ErrorException:4] exception 'yii\base\ErrorException' with message 'syntax error, unexpected '->' (T_OBJECT_OPERATOR), expecting ']'' in /var/vhosts/wd2-team-17/console/migrations/m160630_115547_init_statistic_table.php:12
Stack trace:
#0 [internal function]: yii\base\ErrorHandler->handleFatalError()
#1 {main}
2016-07-02 20:43:03 [-][-][-][info][application] $_SERVER = [
    'XDG_SESSION_ID' => '12784'
    'COMP_WORDBREAKS' => ' 	
\"\'><;|&(:'
    'TERM' => 'xterm-color'
    'SHELL' => '/bin/bash'
    'SSH_CLIENT' => '93.213.243.117 49286 22'
    'SSH_TTY' => '/dev/pts/3'
    'USER' => 'wd2-team-17'
    'LS_COLORS' => 'rs=0:di=01;34:ln=01;36:mh=00:pi=40;33:so=01;35:do=01;35:bd=40;33;01:cd=40;33;01:or=40;31;01:su=37;41:sg=30;43:ca=30;41:tw=30;42:ow=34;42:st=37;44:ex=01;32:*.tar=01;31:*.tgz=01;31:*.arj=01;31:*.taz=01;31:*.lzh=01;31:*.lzma=01;31:*.tlz=01;31:*.txz=01;31:*.zip=01;31:*.z=01;31:*.Z=01;31:*.dz=01;31:*.gz=01;31:*.lz=01;31:*.xz=01;31:*.bz2=01;31:*.bz=01;31:*.tbz=01;31:*.tbz2=01;31:*.tz=01;31:*.deb=01;31:*.rpm=01;31:*.jar=01;31:*.war=01;31:*.ear=01;31:*.sar=01;31:*.rar=01;31:*.ace=01;31:*.zoo=01;31:*.cpio=01;31:*.7z=01;31:*.rz=01;31:*.jpg=01;35:*.jpeg=01;35:*.gif=01;35:*.bmp=01;35:*.pbm=01;35:*.pgm=01;35:*.ppm=01;35:*.tga=01;35:*.xbm=01;35:*.xpm=01;35:*.tif=01;35:*.tiff=01;35:*.png=01;35:*.svg=01;35:*.svgz=01;35:*.mng=01;35:*.pcx=01;35:*.mov=01;35:*.mpg=01;35:*.mpeg=01;35:*.m2v=01;35:*.mkv=01;35:*.webm=01;35:*.ogm=01;35:*.mp4=01;35:*.m4v=01;35:*.mp4v=01;35:*.vob=01;35:*.qt=01;35:*.nuv=01;35:*.wmv=01;35:*.asf=01;35:*.rm=01;35:*.rmvb=01;35:*.flc=01;35:*.avi=01;35:*.fli=01;35:*.flv=01;35:*.gl=01;35:*.dl=01;35:*.xcf=01;35:*.xwd=01;35:*.yuv=01;35:*.cgm=01;35:*.emf=01;35:*.axv=01;35:*.anx=01;35:*.ogv=01;35:*.ogx=01;35:*.aac=00;36:*.au=00;36:*.flac=00;36:*.mid=00;36:*.midi=00;36:*.mka=00;36:*.mp3=00;36:*.mpc=00;36:*.ogg=00;36:*.ra=00;36:*.wav=00;36:*.axa=00;36:*.oga=00;36:*.spx=00;36:*.xspf=00;36:'
    'MAIL' => '/var/mail/wd2-team-17'
    'PATH' => '/usr/local/sbin:/usr/local/bin:/usr/sbin:/usr/bin:/sbin:/bin:/usr/games:/usr/local/games:/usr/lib/jvm/java-7-openjdk-amd64:/srv/hbase/bin'
    'PWD' => '/home/webdev2/wd2-team-17/studienarbeit'
    'JAVA_HOME' => '/usr/lib/jvm/java-7-openjdk-amd64'
    'LANG' => 'de_DE.UTF-8'
    'SHLVL' => '1'
    'HOME' => '/home/webdev2/wd2-team-17'
    'LOGNAME' => 'wd2-team-17'
    'SSH_CONNECTION' => '93.213.243.117 49286 192.168.84.13 22'
    'LESSOPEN' => '| /usr/bin/lesspipe %s'
    'XDG_RUNTIME_DIR' => '/run/user/1258'
    'LESSCLOSE' => '/usr/bin/lesspipe %s %s'
    '_' => './yii'
    'OLDPWD' => '/home/webdev2/wd2-team-17'
    'PHP_SELF' => './yii'
    'SCRIPT_NAME' => './yii'
    'SCRIPT_FILENAME' => './yii'
    'PATH_TRANSLATED' => './yii'
    'DOCUMENT_ROOT' => ''
    'REQUEST_TIME_FLOAT' => 1467492183.4826
    'REQUEST_TIME' => 1467492183
    'argv' => [
        0 => './yii'
        1 => 'migrate'
    ]
    'argc' => 2
]
2016-07-02 20:43:35 [-][-][-][error][yii\base\ErrorException:4] exception 'yii\base\ErrorException' with message 'syntax error, unexpected '->' (T_OBJECT_OPERATOR), expecting ']'' in /var/vhosts/wd2-team-17/console/migrations/m160630_115547_init_statistic_table.php:12
Stack trace:
#0 [internal function]: yii\base\ErrorHandler->handleFatalError()
#1 {main}
2016-07-02 20:43:32 [-][-][-][info][application] $_SERVER = [
    'XDG_SESSION_ID' => '12784'
    'COMP_WORDBREAKS' => ' 	
\"\'><;|&(:'
    'TERM' => 'xterm-color'
    'SHELL' => '/bin/bash'
    'SSH_CLIENT' => '93.213.243.117 49286 22'
    'SSH_TTY' => '/dev/pts/3'
    'USER' => 'wd2-team-17'
    'LS_COLORS' => 'rs=0:di=01;34:ln=01;36:mh=00:pi=40;33:so=01;35:do=01;35:bd=40;33;01:cd=40;33;01:or=40;31;01:su=37;41:sg=30;43:ca=30;41:tw=30;42:ow=34;42:st=37;44:ex=01;32:*.tar=01;31:*.tgz=01;31:*.arj=01;31:*.taz=01;31:*.lzh=01;31:*.lzma=01;31:*.tlz=01;31:*.txz=01;31:*.zip=01;31:*.z=01;31:*.Z=01;31:*.dz=01;31:*.gz=01;31:*.lz=01;31:*.xz=01;31:*.bz2=01;31:*.bz=01;31:*.tbz=01;31:*.tbz2=01;31:*.tz=01;31:*.deb=01;31:*.rpm=01;31:*.jar=01;31:*.war=01;31:*.ear=01;31:*.sar=01;31:*.rar=01;31:*.ace=01;31:*.zoo=01;31:*.cpio=01;31:*.7z=01;31:*.rz=01;31:*.jpg=01;35:*.jpeg=01;35:*.gif=01;35:*.bmp=01;35:*.pbm=01;35:*.pgm=01;35:*.ppm=01;35:*.tga=01;35:*.xbm=01;35:*.xpm=01;35:*.tif=01;35:*.tiff=01;35:*.png=01;35:*.svg=01;35:*.svgz=01;35:*.mng=01;35:*.pcx=01;35:*.mov=01;35:*.mpg=01;35:*.mpeg=01;35:*.m2v=01;35:*.mkv=01;35:*.webm=01;35:*.ogm=01;35:*.mp4=01;35:*.m4v=01;35:*.mp4v=01;35:*.vob=01;35:*.qt=01;35:*.nuv=01;35:*.wmv=01;35:*.asf=01;35:*.rm=01;35:*.rmvb=01;35:*.flc=01;35:*.avi=01;35:*.fli=01;35:*.flv=01;35:*.gl=01;35:*.dl=01;35:*.xcf=01;35:*.xwd=01;35:*.yuv=01;35:*.cgm=01;35:*.emf=01;35:*.axv=01;35:*.anx=01;35:*.ogv=01;35:*.ogx=01;35:*.aac=00;36:*.au=00;36:*.flac=00;36:*.mid=00;36:*.midi=00;36:*.mka=00;36:*.mp3=00;36:*.mpc=00;36:*.ogg=00;36:*.ra=00;36:*.wav=00;36:*.axa=00;36:*.oga=00;36:*.spx=00;36:*.xspf=00;36:'
    'MAIL' => '/var/mail/wd2-team-17'
    'PATH' => '/usr/local/sbin:/usr/local/bin:/usr/sbin:/usr/bin:/sbin:/bin:/usr/games:/usr/local/games:/usr/lib/jvm/java-7-openjdk-amd64:/srv/hbase/bin'
    'PWD' => '/home/webdev2/wd2-team-17/studienarbeit'
    'JAVA_HOME' => '/usr/lib/jvm/java-7-openjdk-amd64'
    'LANG' => 'de_DE.UTF-8'
    'SHLVL' => '1'
    'HOME' => '/home/webdev2/wd2-team-17'
    'LOGNAME' => 'wd2-team-17'
    'SSH_CONNECTION' => '93.213.243.117 49286 192.168.84.13 22'
    'LESSOPEN' => '| /usr/bin/lesspipe %s'
    'XDG_RUNTIME_DIR' => '/run/user/1258'
    'LESSCLOSE' => '/usr/bin/lesspipe %s %s'
    '_' => './yii'
    'OLDPWD' => '/home/webdev2/wd2-team-17'
    'PHP_SELF' => './yii'
    'SCRIPT_NAME' => './yii'
    'SCRIPT_FILENAME' => './yii'
    'PATH_TRANSLATED' => './yii'
    'DOCUMENT_ROOT' => ''
    'REQUEST_TIME_FLOAT' => 1467492212.4825
    'REQUEST_TIME' => 1467492212
    'argv' => [
        0 => './yii'
        1 => 'migrate'
    ]
    'argc' => 2
]
2016-07-02 20:47:33 [-][-][-][error][yii\base\ErrorException:4] exception 'yii\base\ErrorException' with message 'syntax error, unexpected '->' (T_OBJECT_OPERATOR), expecting ']'' in /var/vhosts/wd2-team-17/console/migrations/m160630_115547_init_statistic_table.php:12
Stack trace:
#0 [internal function]: yii\base\ErrorHandler->handleFatalError()
#1 {main}
2016-07-02 20:47:29 [-][-][-][info][application] $_SERVER = [
    'XDG_SESSION_ID' => '12784'
    'COMP_WORDBREAKS' => ' 	
\"\'><;|&(:'
    'TERM' => 'xterm-color'
    'SHELL' => '/bin/bash'
    'SSH_CLIENT' => '93.213.243.117 49286 22'
    'SSH_TTY' => '/dev/pts/3'
    'USER' => 'wd2-team-17'
    'LS_COLORS' => 'rs=0:di=01;34:ln=01;36:mh=00:pi=40;33:so=01;35:do=01;35:bd=40;33;01:cd=40;33;01:or=40;31;01:su=37;41:sg=30;43:ca=30;41:tw=30;42:ow=34;42:st=37;44:ex=01;32:*.tar=01;31:*.tgz=01;31:*.arj=01;31:*.taz=01;31:*.lzh=01;31:*.lzma=01;31:*.tlz=01;31:*.txz=01;31:*.zip=01;31:*.z=01;31:*.Z=01;31:*.dz=01;31:*.gz=01;31:*.lz=01;31:*.xz=01;31:*.bz2=01;31:*.bz=01;31:*.tbz=01;31:*.tbz2=01;31:*.tz=01;31:*.deb=01;31:*.rpm=01;31:*.jar=01;31:*.war=01;31:*.ear=01;31:*.sar=01;31:*.rar=01;31:*.ace=01;31:*.zoo=01;31:*.cpio=01;31:*.7z=01;31:*.rz=01;31:*.jpg=01;35:*.jpeg=01;35:*.gif=01;35:*.bmp=01;35:*.pbm=01;35:*.pgm=01;35:*.ppm=01;35:*.tga=01;35:*.xbm=01;35:*.xpm=01;35:*.tif=01;35:*.tiff=01;35:*.png=01;35:*.svg=01;35:*.svgz=01;35:*.mng=01;35:*.pcx=01;35:*.mov=01;35:*.mpg=01;35:*.mpeg=01;35:*.m2v=01;35:*.mkv=01;35:*.webm=01;35:*.ogm=01;35:*.mp4=01;35:*.m4v=01;35:*.mp4v=01;35:*.vob=01;35:*.qt=01;35:*.nuv=01;35:*.wmv=01;35:*.asf=01;35:*.rm=01;35:*.rmvb=01;35:*.flc=01;35:*.avi=01;35:*.fli=01;35:*.flv=01;35:*.gl=01;35:*.dl=01;35:*.xcf=01;35:*.xwd=01;35:*.yuv=01;35:*.cgm=01;35:*.emf=01;35:*.axv=01;35:*.anx=01;35:*.ogv=01;35:*.ogx=01;35:*.aac=00;36:*.au=00;36:*.flac=00;36:*.mid=00;36:*.midi=00;36:*.mka=00;36:*.mp3=00;36:*.mpc=00;36:*.ogg=00;36:*.ra=00;36:*.wav=00;36:*.axa=00;36:*.oga=00;36:*.spx=00;36:*.xspf=00;36:'
    'MAIL' => '/var/mail/wd2-team-17'
    'PATH' => '/usr/local/sbin:/usr/local/bin:/usr/sbin:/usr/bin:/sbin:/bin:/usr/games:/usr/local/games:/usr/lib/jvm/java-7-openjdk-amd64:/srv/hbase/bin'
    'PWD' => '/home/webdev2/wd2-team-17/studienarbeit'
    'JAVA_HOME' => '/usr/lib/jvm/java-7-openjdk-amd64'
    'LANG' => 'de_DE.UTF-8'
    'SHLVL' => '1'
    'HOME' => '/home/webdev2/wd2-team-17'
    'LOGNAME' => 'wd2-team-17'
    'SSH_CONNECTION' => '93.213.243.117 49286 192.168.84.13 22'
    'LESSOPEN' => '| /usr/bin/lesspipe %s'
    'XDG_RUNTIME_DIR' => '/run/user/1258'
    'LESSCLOSE' => '/usr/bin/lesspipe %s %s'
    '_' => './yii'
    'OLDPWD' => '/home/webdev2/wd2-team-17'
    'PHP_SELF' => './yii'
    'SCRIPT_NAME' => './yii'
    'SCRIPT_FILENAME' => './yii'
    'PATH_TRANSLATED' => './yii'
    'DOCUMENT_ROOT' => ''
    'REQUEST_TIME_FLOAT' => 1467492449.9714
    'REQUEST_TIME' => 1467492449
    'argv' => [
        0 => './yii'
        1 => 'migrate'
    ]
    'argc' => 2
]
2016-07-02 21:06:22 [-][-][-][error][yii\base\ErrorException:4] exception 'yii\base\ErrorException' with message 'syntax error, unexpected '->' (T_OBJECT_OPERATOR), expecting ']'' in /var/vhosts/wd2-team-17/console/migrations/m160630_115547_init_statistic_table.php:12
Stack trace:
#0 [internal function]: yii\base\ErrorHandler->handleFatalError()
#1 {main}
2016-07-02 21:06:14 [-][-][-][info][application] $_SERVER = [
    'XDG_SESSION_ID' => '12784'
    'COMP_WORDBREAKS' => ' 	
\"\'><;|&(:'
    'TERM' => 'xterm-color'
    'SHELL' => '/bin/bash'
    'SSH_CLIENT' => '93.213.243.117 49286 22'
    'SSH_TTY' => '/dev/pts/3'
    'USER' => 'wd2-team-17'
    'LS_COLORS' => 'rs=0:di=01;34:ln=01;36:mh=00:pi=40;33:so=01;35:do=01;35:bd=40;33;01:cd=40;33;01:or=40;31;01:su=37;41:sg=30;43:ca=30;41:tw=30;42:ow=34;42:st=37;44:ex=01;32:*.tar=01;31:*.tgz=01;31:*.arj=01;31:*.taz=01;31:*.lzh=01;31:*.lzma=01;31:*.tlz=01;31:*.txz=01;31:*.zip=01;31:*.z=01;31:*.Z=01;31:*.dz=01;31:*.gz=01;31:*.lz=01;31:*.xz=01;31:*.bz2=01;31:*.bz=01;31:*.tbz=01;31:*.tbz2=01;31:*.tz=01;31:*.deb=01;31:*.rpm=01;31:*.jar=01;31:*.war=01;31:*.ear=01;31:*.sar=01;31:*.rar=01;31:*.ace=01;31:*.zoo=01;31:*.cpio=01;31:*.7z=01;31:*.rz=01;31:*.jpg=01;35:*.jpeg=01;35:*.gif=01;35:*.bmp=01;35:*.pbm=01;35:*.pgm=01;35:*.ppm=01;35:*.tga=01;35:*.xbm=01;35:*.xpm=01;35:*.tif=01;35:*.tiff=01;35:*.png=01;35:*.svg=01;35:*.svgz=01;35:*.mng=01;35:*.pcx=01;35:*.mov=01;35:*.mpg=01;35:*.mpeg=01;35:*.m2v=01;35:*.mkv=01;35:*.webm=01;35:*.ogm=01;35:*.mp4=01;35:*.m4v=01;35:*.mp4v=01;35:*.vob=01;35:*.qt=01;35:*.nuv=01;35:*.wmv=01;35:*.asf=01;35:*.rm=01;35:*.rmvb=01;35:*.flc=01;35:*.avi=01;35:*.fli=01;35:*.flv=01;35:*.gl=01;35:*.dl=01;35:*.xcf=01;35:*.xwd=01;35:*.yuv=01;35:*.cgm=01;35:*.emf=01;35:*.axv=01;35:*.anx=01;35:*.ogv=01;35:*.ogx=01;35:*.aac=00;36:*.au=00;36:*.flac=00;36:*.mid=00;36:*.midi=00;36:*.mka=00;36:*.mp3=00;36:*.mpc=00;36:*.ogg=00;36:*.ra=00;36:*.wav=00;36:*.axa=00;36:*.oga=00;36:*.spx=00;36:*.xspf=00;36:'
    'MAIL' => '/var/mail/wd2-team-17'
    'PATH' => '/usr/local/sbin:/usr/local/bin:/usr/sbin:/usr/bin:/sbin:/bin:/usr/games:/usr/local/games:/usr/lib/jvm/java-7-openjdk-amd64:/srv/hbase/bin'
    'PWD' => '/home/webdev2/wd2-team-17/studienarbeit'
    'JAVA_HOME' => '/usr/lib/jvm/java-7-openjdk-amd64'
    'LANG' => 'de_DE.UTF-8'
    'SHLVL' => '1'
    'HOME' => '/home/webdev2/wd2-team-17'
    'LOGNAME' => 'wd2-team-17'
    'SSH_CONNECTION' => '93.213.243.117 49286 192.168.84.13 22'
    'LESSOPEN' => '| /usr/bin/lesspipe %s'
    'XDG_RUNTIME_DIR' => '/run/user/1258'
    'LESSCLOSE' => '/usr/bin/lesspipe %s %s'
    '_' => './yii'
    'OLDPWD' => '/home/webdev2/wd2-team-17'
    'PHP_SELF' => './yii'
    'SCRIPT_NAME' => './yii'
    'SCRIPT_FILENAME' => './yii'
    'PATH_TRANSLATED' => './yii'
    'DOCUMENT_ROOT' => ''
    'REQUEST_TIME_FLOAT' => 1467493574.0226
    'REQUEST_TIME' => 1467493574
    'argv' => [
        0 => './yii'
        1 => 'migrate'
    ]
    'argc' => 2
]
2016-07-02 21:08:40 [-][-][-][error][yii\base\ErrorException:4] exception 'yii\base\ErrorException' with message 'syntax error, unexpected '->' (T_OBJECT_OPERATOR), expecting ']'' in /var/vhosts/wd2-team-17/console/migrations/m160630_115547_init_statistic_table.php:12
Stack trace:
#0 [internal function]: yii\base\ErrorHandler->handleFatalError()
#1 {main}
2016-07-02 21:08:37 [-][-][-][info][application] $_SERVER = [
    'XDG_SESSION_ID' => '12784'
    'COMP_WORDBREAKS' => ' 	
\"\'><;|&(:'
    'TERM' => 'xterm-color'
    'SHELL' => '/bin/bash'
    'SSH_CLIENT' => '93.213.243.117 49286 22'
    'SSH_TTY' => '/dev/pts/3'
    'USER' => 'wd2-team-17'
    'LS_COLORS' => 'rs=0:di=01;34:ln=01;36:mh=00:pi=40;33:so=01;35:do=01;35:bd=40;33;01:cd=40;33;01:or=40;31;01:su=37;41:sg=30;43:ca=30;41:tw=30;42:ow=34;42:st=37;44:ex=01;32:*.tar=01;31:*.tgz=01;31:*.arj=01;31:*.taz=01;31:*.lzh=01;31:*.lzma=01;31:*.tlz=01;31:*.txz=01;31:*.zip=01;31:*.z=01;31:*.Z=01;31:*.dz=01;31:*.gz=01;31:*.lz=01;31:*.xz=01;31:*.bz2=01;31:*.bz=01;31:*.tbz=01;31:*.tbz2=01;31:*.tz=01;31:*.deb=01;31:*.rpm=01;31:*.jar=01;31:*.war=01;31:*.ear=01;31:*.sar=01;31:*.rar=01;31:*.ace=01;31:*.zoo=01;31:*.cpio=01;31:*.7z=01;31:*.rz=01;31:*.jpg=01;35:*.jpeg=01;35:*.gif=01;35:*.bmp=01;35:*.pbm=01;35:*.pgm=01;35:*.ppm=01;35:*.tga=01;35:*.xbm=01;35:*.xpm=01;35:*.tif=01;35:*.tiff=01;35:*.png=01;35:*.svg=01;35:*.svgz=01;35:*.mng=01;35:*.pcx=01;35:*.mov=01;35:*.mpg=01;35:*.mpeg=01;35:*.m2v=01;35:*.mkv=01;35:*.webm=01;35:*.ogm=01;35:*.mp4=01;35:*.m4v=01;35:*.mp4v=01;35:*.vob=01;35:*.qt=01;35:*.nuv=01;35:*.wmv=01;35:*.asf=01;35:*.rm=01;35:*.rmvb=01;35:*.flc=01;35:*.avi=01;35:*.fli=01;35:*.flv=01;35:*.gl=01;35:*.dl=01;35:*.xcf=01;35:*.xwd=01;35:*.yuv=01;35:*.cgm=01;35:*.emf=01;35:*.axv=01;35:*.anx=01;35:*.ogv=01;35:*.ogx=01;35:*.aac=00;36:*.au=00;36:*.flac=00;36:*.mid=00;36:*.midi=00;36:*.mka=00;36:*.mp3=00;36:*.mpc=00;36:*.ogg=00;36:*.ra=00;36:*.wav=00;36:*.axa=00;36:*.oga=00;36:*.spx=00;36:*.xspf=00;36:'
    'MAIL' => '/var/mail/wd2-team-17'
    'PATH' => '/usr/local/sbin:/usr/local/bin:/usr/sbin:/usr/bin:/sbin:/bin:/usr/games:/usr/local/games:/usr/lib/jvm/java-7-openjdk-amd64:/srv/hbase/bin'
    'PWD' => '/home/webdev2/wd2-team-17/studienarbeit'
    'JAVA_HOME' => '/usr/lib/jvm/java-7-openjdk-amd64'
    'LANG' => 'de_DE.UTF-8'
    'SHLVL' => '1'
    'HOME' => '/home/webdev2/wd2-team-17'
    'LOGNAME' => 'wd2-team-17'
    'SSH_CONNECTION' => '93.213.243.117 49286 192.168.84.13 22'
    'LESSOPEN' => '| /usr/bin/lesspipe %s'
    'XDG_RUNTIME_DIR' => '/run/user/1258'
    'LESSCLOSE' => '/usr/bin/lesspipe %s %s'
    '_' => './yii'
    'OLDPWD' => '/home/webdev2/wd2-team-17'
    'PHP_SELF' => './yii'
    'SCRIPT_NAME' => './yii'
    'SCRIPT_FILENAME' => './yii'
    'PATH_TRANSLATED' => './yii'
    'DOCUMENT_ROOT' => ''
    'REQUEST_TIME_FLOAT' => 1467493717.8421
    'REQUEST_TIME' => 1467493717
    'argv' => [
        0 => './yii'
        1 => 'migrate'
    ]
    'argc' => 2
]
2016-07-02 21:11:22 [-][-][-][error][yii\base\ErrorException:4] exception 'yii\base\ErrorException' with message 'syntax error, unexpected '->' (T_OBJECT_OPERATOR), expecting ']'' in /var/vhosts/wd2-team-17/console/migrations/m160630_115547_init_statistic_table.php:12
Stack trace:
#0 [internal function]: yii\base\ErrorHandler->handleFatalError()
#1 {main}
2016-07-02 21:11:18 [-][-][-][info][application] $_SERVER = [
    'XDG_SESSION_ID' => '12784'
    'COMP_WORDBREAKS' => ' 	
\"\'><;|&(:'
    'TERM' => 'xterm-color'
    'SHELL' => '/bin/bash'
    'SSH_CLIENT' => '93.213.243.117 49286 22'
    'SSH_TTY' => '/dev/pts/3'
    'USER' => 'wd2-team-17'
    'LS_COLORS' => 'rs=0:di=01;34:ln=01;36:mh=00:pi=40;33:so=01;35:do=01;35:bd=40;33;01:cd=40;33;01:or=40;31;01:su=37;41:sg=30;43:ca=30;41:tw=30;42:ow=34;42:st=37;44:ex=01;32:*.tar=01;31:*.tgz=01;31:*.arj=01;31:*.taz=01;31:*.lzh=01;31:*.lzma=01;31:*.tlz=01;31:*.txz=01;31:*.zip=01;31:*.z=01;31:*.Z=01;31:*.dz=01;31:*.gz=01;31:*.lz=01;31:*.xz=01;31:*.bz2=01;31:*.bz=01;31:*.tbz=01;31:*.tbz2=01;31:*.tz=01;31:*.deb=01;31:*.rpm=01;31:*.jar=01;31:*.war=01;31:*.ear=01;31:*.sar=01;31:*.rar=01;31:*.ace=01;31:*.zoo=01;31:*.cpio=01;31:*.7z=01;31:*.rz=01;31:*.jpg=01;35:*.jpeg=01;35:*.gif=01;35:*.bmp=01;35:*.pbm=01;35:*.pgm=01;35:*.ppm=01;35:*.tga=01;35:*.xbm=01;35:*.xpm=01;35:*.tif=01;35:*.tiff=01;35:*.png=01;35:*.svg=01;35:*.svgz=01;35:*.mng=01;35:*.pcx=01;35:*.mov=01;35:*.mpg=01;35:*.mpeg=01;35:*.m2v=01;35:*.mkv=01;35:*.webm=01;35:*.ogm=01;35:*.mp4=01;35:*.m4v=01;35:*.mp4v=01;35:*.vob=01;35:*.qt=01;35:*.nuv=01;35:*.wmv=01;35:*.asf=01;35:*.rm=01;35:*.rmvb=01;35:*.flc=01;35:*.avi=01;35:*.fli=01;35:*.flv=01;35:*.gl=01;35:*.dl=01;35:*.xcf=01;35:*.xwd=01;35:*.yuv=01;35:*.cgm=01;35:*.emf=01;35:*.axv=01;35:*.anx=01;35:*.ogv=01;35:*.ogx=01;35:*.aac=00;36:*.au=00;36:*.flac=00;36:*.mid=00;36:*.midi=00;36:*.mka=00;36:*.mp3=00;36:*.mpc=00;36:*.ogg=00;36:*.ra=00;36:*.wav=00;36:*.axa=00;36:*.oga=00;36:*.spx=00;36:*.xspf=00;36:'
    'MAIL' => '/var/mail/wd2-team-17'
    'PATH' => '/usr/local/sbin:/usr/local/bin:/usr/sbin:/usr/bin:/sbin:/bin:/usr/games:/usr/local/games:/usr/lib/jvm/java-7-openjdk-amd64:/srv/hbase/bin'
    'PWD' => '/home/webdev2/wd2-team-17/studienarbeit'
    'JAVA_HOME' => '/usr/lib/jvm/java-7-openjdk-amd64'
    'LANG' => 'de_DE.UTF-8'
    'SHLVL' => '1'
    'HOME' => '/home/webdev2/wd2-team-17'
    'LOGNAME' => 'wd2-team-17'
    'SSH_CONNECTION' => '93.213.243.117 49286 192.168.84.13 22'
    'LESSOPEN' => '| /usr/bin/lesspipe %s'
    'XDG_RUNTIME_DIR' => '/run/user/1258'
    'LESSCLOSE' => '/usr/bin/lesspipe %s %s'
    '_' => './yii'
    'OLDPWD' => '/home/webdev2/wd2-team-17'
    'PHP_SELF' => './yii'
    'SCRIPT_NAME' => './yii'
    'SCRIPT_FILENAME' => './yii'
    'PATH_TRANSLATED' => './yii'
    'DOCUMENT_ROOT' => ''
    'REQUEST_TIME_FLOAT' => 1467493878.0536
    'REQUEST_TIME' => 1467493878
    'argv' => [
        0 => './yii'
        1 => 'migrate'
    ]
    'argc' => 2
]
2016-07-03 08:52:38 [-][-][-][error][yii\db\Exception] exception 'PDOException' with message 'SQLSTATE[42000]: Syntax error or access violation: 1075 Incorrect table definition; there can be only one auto column and it must be defined as a key' in /var/vhosts/wd2-team-17/vendor/yiisoft/yii2/db/Command.php:844
Stack trace:
#0 /var/vhosts/wd2-team-17/vendor/yiisoft/yii2/db/Command.php(844): PDOStatement->execute()
#1 /var/vhosts/wd2-team-17/vendor/yiisoft/yii2/db/Migration.php(260): yii\db\Command->execute()
#2 /var/vhosts/wd2-team-17/console/migrations/m160630_115547_init_statistic_table.php(20): yii\db\Migration->createTable('statistic', Array)
#3 /var/vhosts/wd2-team-17/vendor/yiisoft/yii2/console/controllers/BaseMigrateController.php(509): m160630_115547_init_statistic_table->up()
#4 /var/vhosts/wd2-team-17/vendor/yiisoft/yii2/console/controllers/BaseMigrateController.php(130): yii\console\controllers\BaseMigrateController->migrateUp('m160630_115547_...')
#5 [internal function]: yii\console\controllers\BaseMigrateController->actionUp(0)
#6 /var/vhosts/wd2-team-17/vendor/yiisoft/yii2/base/InlineAction.php(55): call_user_func_array(Array, Array)
#7 /var/vhosts/wd2-team-17/vendor/yiisoft/yii2/base/Controller.php(154): yii\base\InlineAction->runWithParams(Array)
#8 /var/vhosts/wd2-team-17/vendor/yiisoft/yii2/console/Controller.php(119): yii\base\Controller->runAction('', Array)
#9 /var/vhosts/wd2-team-17/vendor/yiisoft/yii2/base/Module.php(454): yii\console\Controller->runAction('', Array)
#10 /var/vhosts/wd2-team-17/vendor/yiisoft/yii2/console/Application.php(176): yii\base\Module->runAction('migrate', Array)
#11 /var/vhosts/wd2-team-17/vendor/yiisoft/yii2/console/Application.php(143): yii\console\Application->runAction('migrate', Array)
#12 /var/vhosts/wd2-team-17/vendor/yiisoft/yii2/base/Application.php(375): yii\console\Application->handleRequest(Object(yii\console\Request))
#13 /var/vhosts/wd2-team-17/yii(27): yii\base\Application->run()
#14 {main}

Next exception 'yii\db\Exception' with message 'SQLSTATE[42000]: Syntax error or access violation: 1075 Incorrect table definition; there can be only one auto column and it must be defined as a key
The SQL being executed was: CREATE TABLE `statistic` (
	`userid` int(11) NOT NULL AUTO_INCREMENT PRIMARY KEY,
	`username` int(11) NOT NULL AUTO_INCREMENT PRIMARY KEY,
	`gameKat` int(11) NOT NULL AUTO_INCREMENT PRIMARY KEY,
	`game` int(11) NOT NULL AUTO_INCREMENT PRIMARY KEY,
	`userAnswer` varchar(255),
	`amountOfTries` time,
	`elapsedTime` time
)' in /var/vhosts/wd2-team-17/vendor/yiisoft/yii2/db/Schema.php:633
Stack trace:
#0 /var/vhosts/wd2-team-17/vendor/yiisoft/yii2/db/Command.php(854): yii\db\Schema->convertException(Object(PDOException), 'CREATE TABLE `s...')
#1 /var/vhosts/wd2-team-17/vendor/yiisoft/yii2/db/Migration.php(260): yii\db\Command->execute()
#2 /var/vhosts/wd2-team-17/console/migrations/m160630_115547_init_statistic_table.php(20): yii\db\Migration->createTable('statistic', Array)
#3 /var/vhosts/wd2-team-17/vendor/yiisoft/yii2/console/controllers/BaseMigrateController.php(509): m160630_115547_init_statistic_table->up()
#4 /var/vhosts/wd2-team-17/vendor/yiisoft/yii2/console/controllers/BaseMigrateController.php(130): yii\console\controllers\BaseMigrateController->migrateUp('m160630_115547_...')
#5 [internal function]: yii\console\controllers\BaseMigrateController->actionUp(0)
#6 /var/vhosts/wd2-team-17/vendor/yiisoft/yii2/base/InlineAction.php(55): call_user_func_array(Array, Array)
#7 /var/vhosts/wd2-team-17/vendor/yiisoft/yii2/base/Controller.php(154): yii\base\InlineAction->runWithParams(Array)
#8 /var/vhosts/wd2-team-17/vendor/yiisoft/yii2/console/Controller.php(119): yii\base\Controller->runAction('', Array)
#9 /var/vhosts/wd2-team-17/vendor/yiisoft/yii2/base/Module.php(454): yii\console\Controller->runAction('', Array)
#10 /var/vhosts/wd2-team-17/vendor/yiisoft/yii2/console/Application.php(176): yii\base\Module->runAction('migrate', Array)
#11 /var/vhosts/wd2-team-17/vendor/yiisoft/yii2/console/Application.php(143): yii\console\Application->runAction('migrate', Array)
#12 /var/vhosts/wd2-team-17/vendor/yiisoft/yii2/base/Application.php(375): yii\console\Application->handleRequest(Object(yii\console\Request))
#13 /var/vhosts/wd2-team-17/yii(27): yii\base\Application->run()
#14 {main}
Additional Information:
Array
(
    [0] => 42000
    [1] => 1075
    [2] => Incorrect table definition; there can be only one auto column and it must be defined as a key
)

2016-07-03 08:52:30 [-][-][-][info][application] $_SERVER = [
    'XDG_SESSION_ID' => '12848'
    'COMP_WORDBREAKS' => ' 	
\"\'><;|&(:'
    'TERM' => 'xterm-color'
    'SHELL' => '/bin/bash'
    'SSH_CLIENT' => '93.213.251.223 50205 22'
    'SSH_TTY' => '/dev/pts/8'
    'USER' => 'wd2-team-17'
    'LS_COLORS' => 'rs=0:di=01;34:ln=01;36:mh=00:pi=40;33:so=01;35:do=01;35:bd=40;33;01:cd=40;33;01:or=40;31;01:su=37;41:sg=30;43:ca=30;41:tw=30;42:ow=34;42:st=37;44:ex=01;32:*.tar=01;31:*.tgz=01;31:*.arj=01;31:*.taz=01;31:*.lzh=01;31:*.lzma=01;31:*.tlz=01;31:*.txz=01;31:*.zip=01;31:*.z=01;31:*.Z=01;31:*.dz=01;31:*.gz=01;31:*.lz=01;31:*.xz=01;31:*.bz2=01;31:*.bz=01;31:*.tbz=01;31:*.tbz2=01;31:*.tz=01;31:*.deb=01;31:*.rpm=01;31:*.jar=01;31:*.war=01;31:*.ear=01;31:*.sar=01;31:*.rar=01;31:*.ace=01;31:*.zoo=01;31:*.cpio=01;31:*.7z=01;31:*.rz=01;31:*.jpg=01;35:*.jpeg=01;35:*.gif=01;35:*.bmp=01;35:*.pbm=01;35:*.pgm=01;35:*.ppm=01;35:*.tga=01;35:*.xbm=01;35:*.xpm=01;35:*.tif=01;35:*.tiff=01;35:*.png=01;35:*.svg=01;35:*.svgz=01;35:*.mng=01;35:*.pcx=01;35:*.mov=01;35:*.mpg=01;35:*.mpeg=01;35:*.m2v=01;35:*.mkv=01;35:*.webm=01;35:*.ogm=01;35:*.mp4=01;35:*.m4v=01;35:*.mp4v=01;35:*.vob=01;35:*.qt=01;35:*.nuv=01;35:*.wmv=01;35:*.asf=01;35:*.rm=01;35:*.rmvb=01;35:*.flc=01;35:*.avi=01;35:*.fli=01;35:*.flv=01;35:*.gl=01;35:*.dl=01;35:*.xcf=01;35:*.xwd=01;35:*.yuv=01;35:*.cgm=01;35:*.emf=01;35:*.axv=01;35:*.anx=01;35:*.ogv=01;35:*.ogx=01;35:*.aac=00;36:*.au=00;36:*.flac=00;36:*.mid=00;36:*.midi=00;36:*.mka=00;36:*.mp3=00;36:*.mpc=00;36:*.ogg=00;36:*.ra=00;36:*.wav=00;36:*.axa=00;36:*.oga=00;36:*.spx=00;36:*.xspf=00;36:'
    'MAIL' => '/var/mail/wd2-team-17'
    'PATH' => '/usr/local/sbin:/usr/local/bin:/usr/sbin:/usr/bin:/sbin:/bin:/usr/games:/usr/local/games:/usr/lib/jvm/java-7-openjdk-amd64:/srv/hbase/bin'
    'PWD' => '/home/webdev2/wd2-team-17/studienarbeit'
    'JAVA_HOME' => '/usr/lib/jvm/java-7-openjdk-amd64'
    'LANG' => 'de_DE.UTF-8'
    'SHLVL' => '1'
    'HOME' => '/home/webdev2/wd2-team-17'
    'LOGNAME' => 'wd2-team-17'
    'SSH_CONNECTION' => '93.213.251.223 50205 192.168.84.13 22'
    'LESSOPEN' => '| /usr/bin/lesspipe %s'
    'XDG_RUNTIME_DIR' => '/run/user/1258'
    'LESSCLOSE' => '/usr/bin/lesspipe %s %s'
    '_' => './yii'
    'OLDPWD' => '/home/webdev2/wd2-team-17'
    'PHP_SELF' => './yii'
    'SCRIPT_NAME' => './yii'
    'SCRIPT_FILENAME' => './yii'
    'PATH_TRANSLATED' => './yii'
    'DOCUMENT_ROOT' => ''
    'REQUEST_TIME_FLOAT' => 1467535950.0553
    'REQUEST_TIME' => 1467535950
    'argv' => [
        0 => './yii'
        1 => 'migrate'
    ]
    'argc' => 2
]
2016-07-03 08:54:39 [-][-][-][error][yii\db\Exception] exception 'PDOException' with message 'SQLSTATE[42000]: Syntax error or access violation: 1075 Incorrect table definition; there can be only one auto column and it must be defined as a key' in /var/vhosts/wd2-team-17/vendor/yiisoft/yii2/db/Command.php:844
Stack trace:
#0 /var/vhosts/wd2-team-17/vendor/yiisoft/yii2/db/Command.php(844): PDOStatement->execute()
#1 /var/vhosts/wd2-team-17/vendor/yiisoft/yii2/db/Migration.php(260): yii\db\Command->execute()
#2 /var/vhosts/wd2-team-17/console/migrations/m160630_115547_init_statistic_table.php(20): yii\db\Migration->createTable('statistic', Array)
#3 /var/vhosts/wd2-team-17/vendor/yiisoft/yii2/console/controllers/BaseMigrateController.php(509): m160630_115547_init_statistic_table->up()
#4 /var/vhosts/wd2-team-17/vendor/yiisoft/yii2/console/controllers/BaseMigrateController.php(130): yii\console\controllers\BaseMigrateController->migrateUp('m160630_115547_...')
#5 [internal function]: yii\console\controllers\BaseMigrateController->actionUp('console/migrati...')
#6 /var/vhosts/wd2-team-17/vendor/yiisoft/yii2/base/InlineAction.php(55): call_user_func_array(Array, Array)
#7 /var/vhosts/wd2-team-17/vendor/yiisoft/yii2/base/Controller.php(154): yii\base\InlineAction->runWithParams(Array)
#8 /var/vhosts/wd2-team-17/vendor/yiisoft/yii2/console/Controller.php(119): yii\base\Controller->runAction('', Array)
#9 /var/vhosts/wd2-team-17/vendor/yiisoft/yii2/base/Module.php(454): yii\console\Controller->runAction('', Array)
#10 /var/vhosts/wd2-team-17/vendor/yiisoft/yii2/console/Application.php(176): yii\base\Module->runAction('migrate', Array)
#11 /var/vhosts/wd2-team-17/vendor/yiisoft/yii2/console/Application.php(143): yii\console\Application->runAction('migrate', Array)
#12 /var/vhosts/wd2-team-17/vendor/yiisoft/yii2/base/Application.php(375): yii\console\Application->handleRequest(Object(yii\console\Request))
#13 /var/vhosts/wd2-team-17/yii(27): yii\base\Application->run()
#14 {main}

Next exception 'yii\db\Exception' with message 'SQLSTATE[42000]: Syntax error or access violation: 1075 Incorrect table definition; there can be only one auto column and it must be defined as a key
The SQL being executed was: CREATE TABLE `statistic` (
	`userid` int(11) NOT NULL AUTO_INCREMENT PRIMARY KEY,
	`username` int(11) NOT NULL AUTO_INCREMENT PRIMARY KEY,
	`gameKat` int(11) NOT NULL AUTO_INCREMENT PRIMARY KEY,
	`game` int(11) NOT NULL AUTO_INCREMENT PRIMARY KEY,
	`userAnswer` varchar(255),
	`amountOfTries` time,
	`elapsedTime` time
)' in /var/vhosts/wd2-team-17/vendor/yiisoft/yii2/db/Schema.php:633
Stack trace:
#0 /var/vhosts/wd2-team-17/vendor/yiisoft/yii2/db/Command.php(854): yii\db\Schema->convertException(Object(PDOException), 'CREATE TABLE `s...')
#1 /var/vhosts/wd2-team-17/vendor/yiisoft/yii2/db/Migration.php(260): yii\db\Command->execute()
#2 /var/vhosts/wd2-team-17/console/migrations/m160630_115547_init_statistic_table.php(20): yii\db\Migration->createTable('statistic', Array)
#3 /var/vhosts/wd2-team-17/vendor/yiisoft/yii2/console/controllers/BaseMigrateController.php(509): m160630_115547_init_statistic_table->up()
#4 /var/vhosts/wd2-team-17/vendor/yiisoft/yii2/console/controllers/BaseMigrateController.php(130): yii\console\controllers\BaseMigrateController->migrateUp('m160630_115547_...')
#5 [internal function]: yii\console\controllers\BaseMigrateController->actionUp('console/migrati...')
#6 /var/vhosts/wd2-team-17/vendor/yiisoft/yii2/base/InlineAction.php(55): call_user_func_array(Array, Array)
#7 /var/vhosts/wd2-team-17/vendor/yiisoft/yii2/base/Controller.php(154): yii\base\InlineAction->runWithParams(Array)
#8 /var/vhosts/wd2-team-17/vendor/yiisoft/yii2/console/Controller.php(119): yii\base\Controller->runAction('', Array)
#9 /var/vhosts/wd2-team-17/vendor/yiisoft/yii2/base/Module.php(454): yii\console\Controller->runAction('', Array)
#10 /var/vhosts/wd2-team-17/vendor/yiisoft/yii2/console/Application.php(176): yii\base\Module->runAction('migrate', Array)
#11 /var/vhosts/wd2-team-17/vendor/yiisoft/yii2/console/Application.php(143): yii\console\Application->runAction('migrate', Array)
#12 /var/vhosts/wd2-team-17/vendor/yiisoft/yii2/base/Application.php(375): yii\console\Application->handleRequest(Object(yii\console\Request))
#13 /var/vhosts/wd2-team-17/yii(27): yii\base\Application->run()
#14 {main}
Additional Information:
Array
(
    [0] => 42000
    [1] => 1075
    [2] => Incorrect table definition; there can be only one auto column and it must be defined as a key
)

2016-07-03 08:54:35 [-][-][-][info][application] $_SERVER = [
    'XDG_SESSION_ID' => '12848'
    'COMP_WORDBREAKS' => ' 	
\"\'><;|&(:'
    'TERM' => 'xterm-color'
    'SHELL' => '/bin/bash'
    'SSH_CLIENT' => '93.213.251.223 50205 22'
    'SSH_TTY' => '/dev/pts/8'
    'USER' => 'wd2-team-17'
    'LS_COLORS' => 'rs=0:di=01;34:ln=01;36:mh=00:pi=40;33:so=01;35:do=01;35:bd=40;33;01:cd=40;33;01:or=40;31;01:su=37;41:sg=30;43:ca=30;41:tw=30;42:ow=34;42:st=37;44:ex=01;32:*.tar=01;31:*.tgz=01;31:*.arj=01;31:*.taz=01;31:*.lzh=01;31:*.lzma=01;31:*.tlz=01;31:*.txz=01;31:*.zip=01;31:*.z=01;31:*.Z=01;31:*.dz=01;31:*.gz=01;31:*.lz=01;31:*.xz=01;31:*.bz2=01;31:*.bz=01;31:*.tbz=01;31:*.tbz2=01;31:*.tz=01;31:*.deb=01;31:*.rpm=01;31:*.jar=01;31:*.war=01;31:*.ear=01;31:*.sar=01;31:*.rar=01;31:*.ace=01;31:*.zoo=01;31:*.cpio=01;31:*.7z=01;31:*.rz=01;31:*.jpg=01;35:*.jpeg=01;35:*.gif=01;35:*.bmp=01;35:*.pbm=01;35:*.pgm=01;35:*.ppm=01;35:*.tga=01;35:*.xbm=01;35:*.xpm=01;35:*.tif=01;35:*.tiff=01;35:*.png=01;35:*.svg=01;35:*.svgz=01;35:*.mng=01;35:*.pcx=01;35:*.mov=01;35:*.mpg=01;35:*.mpeg=01;35:*.m2v=01;35:*.mkv=01;35:*.webm=01;35:*.ogm=01;35:*.mp4=01;35:*.m4v=01;35:*.mp4v=01;35:*.vob=01;35:*.qt=01;35:*.nuv=01;35:*.wmv=01;35:*.asf=01;35:*.rm=01;35:*.rmvb=01;35:*.flc=01;35:*.avi=01;35:*.fli=01;35:*.flv=01;35:*.gl=01;35:*.dl=01;35:*.xcf=01;35:*.xwd=01;35:*.yuv=01;35:*.cgm=01;35:*.emf=01;35:*.axv=01;35:*.anx=01;35:*.ogv=01;35:*.ogx=01;35:*.aac=00;36:*.au=00;36:*.flac=00;36:*.mid=00;36:*.midi=00;36:*.mka=00;36:*.mp3=00;36:*.mpc=00;36:*.ogg=00;36:*.ra=00;36:*.wav=00;36:*.axa=00;36:*.oga=00;36:*.spx=00;36:*.xspf=00;36:'
    'MAIL' => '/var/mail/wd2-team-17'
    'PATH' => '/usr/local/sbin:/usr/local/bin:/usr/sbin:/usr/bin:/sbin:/bin:/usr/games:/usr/local/games:/usr/lib/jvm/java-7-openjdk-amd64:/srv/hbase/bin'
    'PWD' => '/home/webdev2/wd2-team-17/studienarbeit'
    'JAVA_HOME' => '/usr/lib/jvm/java-7-openjdk-amd64'
    'LANG' => 'de_DE.UTF-8'
    'SHLVL' => '1'
    'HOME' => '/home/webdev2/wd2-team-17'
    'LOGNAME' => 'wd2-team-17'
    'SSH_CONNECTION' => '93.213.251.223 50205 192.168.84.13 22'
    'LESSOPEN' => '| /usr/bin/lesspipe %s'
    'XDG_RUNTIME_DIR' => '/run/user/1258'
    'LESSCLOSE' => '/usr/bin/lesspipe %s %s'
    '_' => './yii'
    'OLDPWD' => '/home/webdev2/wd2-team-17'
    'PHP_SELF' => './yii'
    'SCRIPT_NAME' => './yii'
    'SCRIPT_FILENAME' => './yii'
    'PATH_TRANSLATED' => './yii'
    'DOCUMENT_ROOT' => ''
    'REQUEST_TIME_FLOAT' => 1467536075.1104
    'REQUEST_TIME' => 1467536075
    'argv' => [
        0 => './yii'
        1 => 'migrate'
        2 => 'console/migrations/m160702_201023_init_tt_table.php'
    ]
    'argc' => 3
]
2016-07-03 09:16:51 [-][-][-][error][yii\db\Exception] exception 'PDOException' with message 'SQLSTATE[42000]: Syntax error or access violation: 1075 Incorrect table definition; there can be only one auto column and it must be defined as a key' in /var/vhosts/wd2-team-17/vendor/yiisoft/yii2/db/Command.php:844
Stack trace:
#0 /var/vhosts/wd2-team-17/vendor/yiisoft/yii2/db/Command.php(844): PDOStatement->execute()
#1 /var/vhosts/wd2-team-17/vendor/yiisoft/yii2/db/Migration.php(260): yii\db\Command->execute()
#2 /var/vhosts/wd2-team-17/console/migrations/m160630_115547_init_statistic_table.php(20): yii\db\Migration->createTable('statistic', Array)
#3 /var/vhosts/wd2-team-17/vendor/yiisoft/yii2/console/controllers/BaseMigrateController.php(509): m160630_115547_init_statistic_table->up()
#4 /var/vhosts/wd2-team-17/vendor/yiisoft/yii2/console/controllers/BaseMigrateController.php(130): yii\console\controllers\BaseMigrateController->migrateUp('m160630_115547_...')
#5 [internal function]: yii\console\controllers\BaseMigrateController->actionUp('console/migrati...')
#6 /var/vhosts/wd2-team-17/vendor/yiisoft/yii2/base/InlineAction.php(55): call_user_func_array(Array, Array)
#7 /var/vhosts/wd2-team-17/vendor/yiisoft/yii2/base/Controller.php(154): yii\base\InlineAction->runWithParams(Array)
#8 /var/vhosts/wd2-team-17/vendor/yiisoft/yii2/console/Controller.php(119): yii\base\Controller->runAction('', Array)
#9 /var/vhosts/wd2-team-17/vendor/yiisoft/yii2/base/Module.php(454): yii\console\Controller->runAction('', Array)
#10 /var/vhosts/wd2-team-17/vendor/yiisoft/yii2/console/Application.php(176): yii\base\Module->runAction('migrate', Array)
#11 /var/vhosts/wd2-team-17/vendor/yiisoft/yii2/console/Application.php(143): yii\console\Application->runAction('migrate', Array)
#12 /var/vhosts/wd2-team-17/vendor/yiisoft/yii2/base/Application.php(375): yii\console\Application->handleRequest(Object(yii\console\Request))
#13 /var/vhosts/wd2-team-17/yii(27): yii\base\Application->run()
#14 {main}

Next exception 'yii\db\Exception' with message 'SQLSTATE[42000]: Syntax error or access violation: 1075 Incorrect table definition; there can be only one auto column and it must be defined as a key
The SQL being executed was: CREATE TABLE `statistic` (
	`userid` int(11) NOT NULL AUTO_INCREMENT PRIMARY KEY,
	`username` int(11) NOT NULL AUTO_INCREMENT PRIMARY KEY,
	`gameKat` int(11) NOT NULL AUTO_INCREMENT PRIMARY KEY,
	`game` int(11) NOT NULL AUTO_INCREMENT PRIMARY KEY,
	`userAnswer` varchar(255),
	`amountOfTries` time,
	`elapsedTime` time
)' in /var/vhosts/wd2-team-17/vendor/yiisoft/yii2/db/Schema.php:633
Stack trace:
#0 /var/vhosts/wd2-team-17/vendor/yiisoft/yii2/db/Command.php(854): yii\db\Schema->convertException(Object(PDOException), 'CREATE TABLE `s...')
#1 /var/vhosts/wd2-team-17/vendor/yiisoft/yii2/db/Migration.php(260): yii\db\Command->execute()
#2 /var/vhosts/wd2-team-17/console/migrations/m160630_115547_init_statistic_table.php(20): yii\db\Migration->createTable('statistic', Array)
#3 /var/vhosts/wd2-team-17/vendor/yiisoft/yii2/console/controllers/BaseMigrateController.php(509): m160630_115547_init_statistic_table->up()
#4 /var/vhosts/wd2-team-17/vendor/yiisoft/yii2/console/controllers/BaseMigrateController.php(130): yii\console\controllers\BaseMigrateController->migrateUp('m160630_115547_...')
#5 [internal function]: yii\console\controllers\BaseMigrateController->actionUp('console/migrati...')
#6 /var/vhosts/wd2-team-17/vendor/yiisoft/yii2/base/InlineAction.php(55): call_user_func_array(Array, Array)
#7 /var/vhosts/wd2-team-17/vendor/yiisoft/yii2/base/Controller.php(154): yii\base\InlineAction->runWithParams(Array)
#8 /var/vhosts/wd2-team-17/vendor/yiisoft/yii2/console/Controller.php(119): yii\base\Controller->runAction('', Array)
#9 /var/vhosts/wd2-team-17/vendor/yiisoft/yii2/base/Module.php(454): yii\console\Controller->runAction('', Array)
#10 /var/vhosts/wd2-team-17/vendor/yiisoft/yii2/console/Application.php(176): yii\base\Module->runAction('migrate', Array)
#11 /var/vhosts/wd2-team-17/vendor/yiisoft/yii2/console/Application.php(143): yii\console\Application->runAction('migrate', Array)
#12 /var/vhosts/wd2-team-17/vendor/yiisoft/yii2/base/Application.php(375): yii\console\Application->handleRequest(Object(yii\console\Request))
#13 /var/vhosts/wd2-team-17/yii(27): yii\base\Application->run()
#14 {main}
Additional Information:
Array
(
    [0] => 42000
    [1] => 1075
    [2] => Incorrect table definition; there can be only one auto column and it must be defined as a key
)

2016-07-03 09:16:47 [-][-][-][info][application] $_SERVER = [
    'XDG_SESSION_ID' => '12848'
    'COMP_WORDBREAKS' => ' 	
\"\'><;|&(:'
    'TERM' => 'xterm-color'
    'SHELL' => '/bin/bash'
    'SSH_CLIENT' => '93.213.251.223 50205 22'
    'SSH_TTY' => '/dev/pts/8'
    'USER' => 'wd2-team-17'
    'LS_COLORS' => 'rs=0:di=01;34:ln=01;36:mh=00:pi=40;33:so=01;35:do=01;35:bd=40;33;01:cd=40;33;01:or=40;31;01:su=37;41:sg=30;43:ca=30;41:tw=30;42:ow=34;42:st=37;44:ex=01;32:*.tar=01;31:*.tgz=01;31:*.arj=01;31:*.taz=01;31:*.lzh=01;31:*.lzma=01;31:*.tlz=01;31:*.txz=01;31:*.zip=01;31:*.z=01;31:*.Z=01;31:*.dz=01;31:*.gz=01;31:*.lz=01;31:*.xz=01;31:*.bz2=01;31:*.bz=01;31:*.tbz=01;31:*.tbz2=01;31:*.tz=01;31:*.deb=01;31:*.rpm=01;31:*.jar=01;31:*.war=01;31:*.ear=01;31:*.sar=01;31:*.rar=01;31:*.ace=01;31:*.zoo=01;31:*.cpio=01;31:*.7z=01;31:*.rz=01;31:*.jpg=01;35:*.jpeg=01;35:*.gif=01;35:*.bmp=01;35:*.pbm=01;35:*.pgm=01;35:*.ppm=01;35:*.tga=01;35:*.xbm=01;35:*.xpm=01;35:*.tif=01;35:*.tiff=01;35:*.png=01;35:*.svg=01;35:*.svgz=01;35:*.mng=01;35:*.pcx=01;35:*.mov=01;35:*.mpg=01;35:*.mpeg=01;35:*.m2v=01;35:*.mkv=01;35:*.webm=01;35:*.ogm=01;35:*.mp4=01;35:*.m4v=01;35:*.mp4v=01;35:*.vob=01;35:*.qt=01;35:*.nuv=01;35:*.wmv=01;35:*.asf=01;35:*.rm=01;35:*.rmvb=01;35:*.flc=01;35:*.avi=01;35:*.fli=01;35:*.flv=01;35:*.gl=01;35:*.dl=01;35:*.xcf=01;35:*.xwd=01;35:*.yuv=01;35:*.cgm=01;35:*.emf=01;35:*.axv=01;35:*.anx=01;35:*.ogv=01;35:*.ogx=01;35:*.aac=00;36:*.au=00;36:*.flac=00;36:*.mid=00;36:*.midi=00;36:*.mka=00;36:*.mp3=00;36:*.mpc=00;36:*.ogg=00;36:*.ra=00;36:*.wav=00;36:*.axa=00;36:*.oga=00;36:*.spx=00;36:*.xspf=00;36:'
    'MAIL' => '/var/mail/wd2-team-17'
    'PATH' => '/usr/local/sbin:/usr/local/bin:/usr/sbin:/usr/bin:/sbin:/bin:/usr/games:/usr/local/games:/usr/lib/jvm/java-7-openjdk-amd64:/srv/hbase/bin'
    'PWD' => '/home/webdev2/wd2-team-17/studienarbeit'
    'JAVA_HOME' => '/usr/lib/jvm/java-7-openjdk-amd64'
    'LANG' => 'de_DE.UTF-8'
    'SHLVL' => '1'
    'HOME' => '/home/webdev2/wd2-team-17'
    'LOGNAME' => 'wd2-team-17'
    'SSH_CONNECTION' => '93.213.251.223 50205 192.168.84.13 22'
    'LESSOPEN' => '| /usr/bin/lesspipe %s'
    'XDG_RUNTIME_DIR' => '/run/user/1258'
    'LESSCLOSE' => '/usr/bin/lesspipe %s %s'
    '_' => './yii'
    'OLDPWD' => '/home/webdev2/wd2-team-17'
    'PHP_SELF' => './yii'
    'SCRIPT_NAME' => './yii'
    'SCRIPT_FILENAME' => './yii'
    'PATH_TRANSLATED' => './yii'
    'DOCUMENT_ROOT' => ''
    'REQUEST_TIME_FLOAT' => 1467537407.8387
    'REQUEST_TIME' => 1467537407
    'argv' => [
        0 => './yii'
        1 => 'migrate'
        2 => 'console/migrations/m160702_201023_init_tt_table.php'
    ]
    'argc' => 3
]
